ENSG00000134440|NARS|1f419e5
ENSG00000134440|NARS|d3ab53b
ENSG00000134440|NARS|527da65
ENSG00000134440|NARS|5d57725
ENSG00000134440|NARS|5675b5b
ENSG00000134440|NARS|040c607
ENSG00000134440|NARS|2452a2c
ENSG00000134440|NARS|185816f
ENSG00000134440|NARS|6cf086d
ENSG00000134440|NARS|d4dec20
ENSG00000134440|NARS|b886a02
ENSG00000134440|NARS|de75df5
ENSG00000134440|NARS|e87b554
ENSG00000134440|NARS|0036e0f
ENSG00000134440|NARS|15af113
ENSG00000134440|NARS|61200ab
ENSG00000134440|NARS|2bd068a
ENSG00000134440|NARS|ce7ac90
ENSG00000134440|NARS|1e8dc26
ENSG00000134440|NARS|1d159d8
ENSG00000261371|PECAM1|1de4898
ENSG00000261371|PECAM1|fae7f98
ENSG00000261371|PECAM1|457a640
ENSG00000261371|PECAM1|938b0ab
ENSG00000261371|PECAM1|2f2a723
ENSG00000261371|PECAM1|520d96b
ENSG00000261371|PECAM1|e767d00
ENSG00000261371|PECAM1|639cb44
ENSG00000261371|PECAM1|3798035
ENSG00000261371|PECAM1|4ed7878
ENSG00000261371|PECAM1|0589934
ENSG00000261371|PECAM1|1526746
ENSG00000261371|PECAM1|35bc851
ENSG00000261371|PECAM1|718691c
ENSG00000261371|PECAM1|95a74ce
ENSG00000261371|PECAM1|a4130ee
ENSG00000261371|PECAM1|44dd771
ENSG00000261371|PECAM1|8b2f74c
ENSG00000261371|PECAM1|5473d8f
ENSG00000261371|PECAM1|1636b6b
ENSG00000127951|FGL2|6499fc1
ENSG00000127951|FGL2|e06b385
ENSG00000127951|FGL2|c207f9e
ENSG00000127951|FGL2|66e574b
ENSG00000127951|FGL2|53990f3
ENSG00000127951|FGL2|0ba0582
ENSG00000127951|FGL2|8ddb99c
ENSG00000127951|FGL2|e99720c
ENSG00000127951|FGL2|c13a5ea
ENSG00000127951|FGL2|91c42ec
ENSG00000127951|FGL2|1eea77d
ENSG00000127951|FGL2|cd12277
ENSG00000127951|FGL2|83a2232
ENSG00000127951|FGL2|09a7d89
ENSG00000127951|FGL2|28a8800
ENSG00000127951|FGL2|e079c5c
ENSG00000127951|FGL2|5a30045
ENSG00000127951|FGL2|0d2eca0
ENSG00000127951|FGL2|3b97868
ENSG00000127951|FGL2|b8ca90c
ENSG00000197872|FAM49A|716904c
ENSG00000197872|FAM49A|b1b29bc
ENSG00000197872|FAM49A|be867ec
ENSG00000197872|FAM49A|f6d1c52
ENSG00000197872|FAM49A|d873d92
ENSG00000197872|FAM49A|477dceb
ENSG00000197872|FAM49A|bd7a06d
ENSG00000197872|FAM49A|d0a06f9
ENSG00000197872|FAM49A|c51f7fc
ENSG00000197872|FAM49A|1fc6407
ENSG00000197872|FAM49A|fac1fa3
ENSG00000197872|FAM49A|d5fa447
ENSG00000197872|FAM49A|2ea9d05
ENSG00000197872|FAM49A|bb18ee1
ENSG00000197872|FAM49A|722e742
ENSG00000197872|FAM49A|01d279f
ENSG00000197872|FAM49A|8539563
ENSG00000197872|FAM49A|d5e38fd
ENSG00000197872|FAM49A|cff6180
ENSG00000197872|FAM49A|c5083ec
ENSG00000197872|FAM49A|b60aa88
ENSG00000197872|FAM49A|19781f0
ENSG00000145247|OCIAD2|aa90252
ENSG00000145247|OCIAD2|69d056a
ENSG00000145247|OCIAD2|d9490ae
ENSG00000145247|OCIAD2|53f288b
ENSG00000145247|OCIAD2|ce7dd3f
ENSG00000145247|OCIAD2|1de1d1c
ENSG00000145247|OCIAD2|c59f47c
ENSG00000145247|OCIAD2|a7298cb
ENSG00000124145|SDC4|15becc9
ENSG00000124145|SDC4|dc250ef
ENSG00000124145|SDC4|0d4d05a
ENSG00000124145|SDC4|2097263
ENSG00000124145|SDC4|bd861ca
ENSG00000124145|SDC4|680a8cf
ENSG00000124145|SDC4|b8c33fd
ENSG00000124145|SDC4|e240bf4
ENSG00000124145|SDC4|31f7e02
ENSG00000124145|SDC4|962117f
ENSG00000124145|SDC4|9a3746d
ENSG00000124145|SDC4|5b2b3c1
ENSG00000124145|SDC4|d99b29f
ENSG00000124145|SDC4|bfcc0c3
ENSG00000124145|SDC4|30052e6
ENSG00000124145|SDC4|5c84529
ENSG00000161921|CXCL16|d571f8f
ENSG00000161921|CXCL16|3820def
ENSG00000161921|CXCL16|ff8e002
ENSG00000161921|CXCL16|aefad86
ENSG00000161921|CXCL16|e247b5b
ENSG00000161921|CXCL16|2fbd5a4
ENSG00000161921|CXCL16|2b7289f
ENSG00000161921|CXCL16|5fff791
ENSG00000124145|SDC4|a0b4db9
ENSG00000124145|SDC4|dff3b47
ENSG00000124145|SDC4|e17baf5
ENSG00000203747|FCGR3A|8b73851
ENSG00000203747|FCGR3A|8546561
ENSG00000203747|FCGR3A|ed53f9c
ENSG00000203747|FCGR3A|b976a0f
ENSG00000203747|FCGR3A|0f8916a
ENSG00000203747|FCGR3A|1cb628e
ENSG00000203747|FCGR3A|9e2361c
ENSG00000203747|FCGR3A|9bc7418
ENSG00000203747|FCGR3A|820bb9d
ENSG00000203747|FCGR3A|eaf299a
ENSG00000203747|FCGR3A|f7f8c92
ENSG00000203747|FCGR3A|377c433
ENSG00000203747|FCGR3A|55624b9
ENSG00000203747|FCGR3A|7f8089b
ENSG00000203747|FCGR3A|fa7433e
ENSG00000203747|FCGR3A|53d2b3d
ENSG00000203747|FCGR3A|5ab2bb0
ENSG00000203747|FCGR3A|1ba0b58
ENSG00000203747|FCGR3A|21a748f
ENSG00000203747|FCGR3A|9633f71
ENSG00000196628|TCF4|40e4db9
ENSG00000196628|TCF4|8bad5ae
ENSG00000196628|TCF4|816150c
ENSG00000196628|TCF4|45e721a
ENSG00000196628|TCF4|938a3df
ENSG00000196628|TCF4|926ffea
ENSG00000196628|TCF4|3fedf81
ENSG00000196628|TCF4|fc5e046
ENSG00000196628|TCF4|d892d67
ENSG00000196628|TCF4|2112f01
ENSG00000196628|TCF4|998dfc3
ENSG00000196628|TCF4|d28ece0
ENSG00000196628|TCF4|bf79f96
ENSG00000196628|TCF4|117ffbc
ENSG00000196628|TCF4|774a425
ENSG00000196628|TCF4|78ea84e
ENSG00000196628|TCF4|ac296d5
ENSG00000196628|TCF4|68e4df4
ENSG00000196628|TCF4|1e2e581
ENSG00000196628|TCF4|37aa4ac
ENSG00000196628|TCF4|5952e28
ENSG00000196628|TCF4|b618d8f
ENSG00000196628|TCF4|3a78919
ENSG00000196628|TCF4|24777aa
ENSG00000196628|TCF4|e312f41
ENSG00000196628|TCF4|263727c
ENSG00000196628|TCF4|d41cab3
ENSG00000196628|TCF4|eb88591
ENSG00000196628|TCF4|6e8a10d
ENSG00000196628|TCF4|4544e38
ENSG00000196628|TCF4|5293569
ENSG00000196628|TCF4|0ab36d2
ENSG00000196628|TCF4|5742803
ENSG00000196628|TCF4|a7e1447
ENSG00000196628|TCF4|a2c6a92
ENSG00000196628|TCF4|9013b32
ENSG00000196628|TCF4|927df2c
ENSG00000196628|TCF4|45a7000
ENSG00000196628|TCF4|4aa6c7b
ENSG00000196628|TCF4|26115ae
ENSG00000196628|TCF4|64dfb4d
ENSG00000196628|TCF4|9740e6c
ENSG00000196628|TCF4|ccb19ed
ENSG00000196628|TCF4|e64d799
ENSG00000196628|TCF4|8422e02
ENSG00000196628|TCF4|0792005
ENSG00000196628|TCF4|32802e5
ENSG00000196628|TCF4|7eea200
ENSG00000196628|TCF4|121790a
ENSG00000196628|TCF4|97deffa
ENSG00000157150|TIMP4|9b1f699
ENSG00000157150|TIMP4|9ffa3d8
ENSG00000157150|TIMP4|34703cc
ENSG00000157150|TIMP4|41b28c1
ENSG00000157150|TIMP4|7b19fed
ENSG00000157150|TIMP4|657180b
ENSG00000239961|LILRA4|4b5dbdd
ENSG00000239961|LILRA4|273e39e
ENSG00000239961|LILRA4|804887f
ENSG00000239961|LILRA4|b1ac0e6
ENSG00000239961|LILRA4|778a16a
ENSG00000239961|LILRA4|f089b36
ENSG00000239961|LILRA4|586a8e3
ENSG00000239961|LILRA4|4fd15f2
ENSG00000239961|LILRA4|01854fc
ENSG00000239961|LILRA4|7d8ef60
ENSG00000206560|ANKRD28|57d65dc
ENSG00000206560|ANKRD28|b556541
ENSG00000206560|ANKRD28|67bf384
ENSG00000206560|ANKRD28|6b37934
ENSG00000206560|ANKRD28|6135f30
ENSG00000206560|ANKRD28|b8f5a53
ENSG00000206560|ANKRD28|bb17684
ENSG00000206560|ANKRD28|9d75402
ENSG00000206560|ANKRD28|04f7a93
ENSG00000206560|ANKRD28|6024878
ENSG00000206560|ANKRD28|793199e
ENSG00000206560|ANKRD28|9fce5b4
ENSG00000206560|ANKRD28|4fbac7d
ENSG00000206560|ANKRD28|05643e7
ENSG00000206560|ANKRD28|574e70d
ENSG00000206560|ANKRD28|892fd43
ENSG00000157150|TIMP4|7bc9648
ENSG00000157150|TIMP4|9e9e816
ENSG00000157150|TIMP4|d86bc68
ENSG00000157150|TIMP4|86591cf
ENSG00000157150|TIMP4|7b6ea7f
ENSG00000157150|TIMP4|1b5107e
ENSG00000239961|LILRA4|0f832b4
ENSG00000239961|LILRA4|da7052d
ENSG00000239961|LILRA4|70c0020
ENSG00000239961|LILRA4|f4f7b4c
ENSG00000239961|LILRA4|fb6d5ad
ENSG00000239961|LILRA4|b225031
ENSG00000166803|PCLAF|ea9ecc3
ENSG00000166803|PCLAF|dc010a0
ENSG00000166803|PCLAF|887f9b3
ENSG00000166803|PCLAF|faa9b38
ENSG00000166803|PCLAF|2c0593b
ENSG00000166803|PCLAF|b75ee81
ENSG00000166803|PCLAF|c1c0dcd
ENSG00000166803|PCLAF|065af2d
ENSG00000166803|PCLAF|5a3ecbf
ENSG00000206560|ANKRD28|5548d48
ENSG00000206560|ANKRD28|cf8fb92
ENSG00000206560|ANKRD28|ef72207
ENSG00000206560|ANKRD28|16e93c5
ENSG00000133392|MYH11|8aff02a
ENSG00000133392|MYH11|5d3f9e6
ENSG00000133392|MYH11|8b288d3
ENSG00000133392|MYH11|15b9c9a
ENSG00000133392|MYH11|5e13c19
ENSG00000133392|MYH11|3dc79fe
ENSG00000133392|MYH11|593368c
ENSG00000133392|MYH11|85bb361
ENSG00000133392|MYH11|ca52933
ENSG00000133392|MYH11|e19bce3
ENSG00000133392|MYH11|0e2950c
ENSG00000133392|MYH11|d3880a4
ENSG00000133392|MYH11|1e88a30
ENSG00000133392|MYH11|5db80ae
ENSG00000133392|MYH11|81c49f3
ENSG00000133392|MYH11|bcf8098
ENSG00000133392|MYH11|8fe7c01
ENSG00000133392|MYH11|232c3ed
ENSG00000133392|MYH11|eb3d5bc
ENSG00000133392|MYH11|e601d86
ENSG00000171466|ZNF562|6be37ad
ENSG00000171466|ZNF562|9a1b60f
ENSG00000171466|ZNF562|3e3478a
ENSG00000171466|ZNF562|51044a5
ENSG00000171466|ZNF562|d2addeb
ENSG00000171466|ZNF562|0b9d514
ENSG00000171466|ZNF562|7531fa8
ENSG00000171466|ZNF562|1f064ef
ENSG00000171466|ZNF562|7bb8df6
ENSG00000171466|ZNF562|35560f9
ENSG00000171466|ZNF562|eda8c8f
ENSG00000171466|ZNF562|37c70ab
ENSG00000171466|ZNF562|66d5508
ENSG00000171466|ZNF562|daba423
ENSG00000171466|ZNF562|6432c94
ENSG00000171466|ZNF562|0543e3b
ENSG00000171466|ZNF562|bac845a
ENSG00000171466|ZNF562|939daad
ENSG00000171466|ZNF562|500fbf5
ENSG00000171466|ZNF562|e247d7a
ENSG00000171466|ZNF562|fe46e23
ENSG00000171466|ZNF562|9f506c4
ENSG00000148773|MKI67|27ea7f1
ENSG00000148773|MKI67|b4285c0
ENSG00000148773|MKI67|c7cd364
ENSG00000148773|MKI67|866e25d
ENSG00000148773|MKI67|28d472f
ENSG00000148773|MKI67|f9fce3a
ENSG00000148773|MKI67|d38aa8a
ENSG00000148773|MKI67|bcfb8d6
ENSG00000148773|MKI67|b1c5efa
ENSG00000148773|MKI67|65390d8
ENSG00000148773|MKI67|4544a0d
ENSG00000148773|MKI67|c549494
ENSG00000148773|MKI67|5088a12
ENSG00000148773|MKI67|7f8d7d8
ENSG00000148773|MKI67|fdb6d6e
ENSG00000148773|MKI67|1900ff9
ENSG00000148773|MKI67|b4e4c18
ENSG00000148773|MKI67|082d6cb
ENSG00000148773|MKI67|54cfceb
ENSG00000148773|MKI67|dd61318
ENSG00000260916|CCPG1|e63f469
ENSG00000260916|CCPG1|22870f8
ENSG00000260916|CCPG1|67f3597
ENSG00000260916|CCPG1|732ab5b
ENSG00000260916|CCPG1|d80f5c2
ENSG00000260916|CCPG1|dc9fb46
ENSG00000260916|CCPG1|eff8b0e
ENSG00000260916|CCPG1|20b131c
ENSG00000260916|CCPG1|8d928c9
ENSG00000260916|CCPG1|a43233c
ENSG00000260916|CCPG1|16c3d36
ENSG00000260916|CCPG1|4195efb
ENSG00000260916|CCPG1|4ecb545
ENSG00000260916|CCPG1|e36170c
ENSG00000260916|CCPG1|4979573
ENSG00000260916|CCPG1|caf7551
ENSG00000260916|CCPG1|569e006
ENSG00000260916|CCPG1|53c3ce8
ENSG00000260916|CCPG1|c429018
ENSG00000260916|CCPG1|f863001
ENSG00000260916|CCPG1|187ae64
ENSG00000260916|CCPG1|6dc12ef
ENSG00000260916|CCPG1|86cc422
ENSG00000260916|CCPG1|b93b558
ENSG00000260916|CCPG1|eddb14f
ENSG00000260916|CCPG1|f0bcba3
ENSG00000143196|DPT|145484b
ENSG00000143196|DPT|e49b0d7
ENSG00000143196|DPT|90f747d
ENSG00000143196|DPT|5761e1e
ENSG00000143196|DPT|0bdf55c
ENSG00000143196|DPT|74d06e6
ENSG00000143196|DPT|d9abf50
ENSG00000143196|DPT|b5e5a72
ENSG00000143196|DPT|68fedde
ENSG00000143196|DPT|7c56f7c
ENSG00000143196|DPT|1f484e7
ENSG00000143196|DPT|3e58e21
ENSG00000143196|DPT|ebf07fd
ENSG00000143196|DPT|6e10c83
ENSG00000143196|DPT|b77e6f9
ENSG00000143196|DPT|78c4a26
ENSG00000143196|DPT|ccdb06c
ENSG00000143196|DPT|3093d13
ENSG00000139329|LUM|8d643eb
ENSG00000139329|LUM|fe10d80
ENSG00000139329|LUM|91e7794
ENSG00000139329|LUM|fb9fbe0
ENSG00000139329|LUM|9a36066
ENSG00000139329|LUM|0cc7f6c
ENSG00000139329|LUM|306ea75
ENSG00000139329|LUM|563974c
ENSG00000139329|LUM|6c1d7de
ENSG00000139329|LUM|9eac97e
ENSG00000139329|LUM|b00c891
ENSG00000139329|LUM|23edc30
ENSG00000139329|LUM|c56d388
ENSG00000139329|LUM|a8ce9ca
ENSG00000139329|LUM|33b22cd
ENSG00000139329|LUM|5d2d398
ENSG00000139329|LUM|b5650d5
ENSG00000139329|LUM|8888407
ENSG00000139329|LUM|77cca7d
ENSG00000139329|LUM|946fb90
ENSG00000173269|MMRN2|c3eb275
ENSG00000173269|MMRN2|e09ff60
ENSG00000173269|MMRN2|0ec2aa0
ENSG00000173269|MMRN2|fddd211
ENSG00000173269|MMRN2|3f551aa
ENSG00000173269|MMRN2|0f3a79e
ENSG00000173269|MMRN2|fd8b7f7
ENSG00000173269|MMRN2|f3f0f6f
ENSG00000173269|MMRN2|4c06053
ENSG00000173269|MMRN2|0f070d0
ENSG00000173269|MMRN2|33d6f99
ENSG00000173269|MMRN2|946a7ad
ENSG00000173269|MMRN2|7552d03
ENSG00000173269|MMRN2|852ec6f
ENSG00000173269|MMRN2|3facd65
ENSG00000173269|MMRN2|ad70b87
ENSG00000173269|MMRN2|1eda4a9
ENSG00000173269|MMRN2|2afd26a
ENSG00000173269|MMRN2|e563e84
ENSG00000173269|MMRN2|a1e483e
ENSG00000170476|MZB1|d8c49b2
ENSG00000170476|MZB1|a7102b8
ENSG00000170476|MZB1|507b5a7
ENSG00000170476|MZB1|c9184e1
ENSG00000170476|MZB1|512a418
ENSG00000170476|MZB1|d9bfe20
ENSG00000121270|ABCC11|69c0752
ENSG00000121270|ABCC11|6333a38
ENSG00000121270|ABCC11|651d9ab
ENSG00000121270|ABCC11|3b65c5d
ENSG00000121270|ABCC11|7364d49
ENSG00000121270|ABCC11|faed099
ENSG00000121270|ABCC11|cb5496c
ENSG00000121270|ABCC11|ae44d71
ENSG00000121270|ABCC11|3adde4f
ENSG00000121270|ABCC11|b319924
ENSG00000121270|ABCC11|e916477
ENSG00000121270|ABCC11|38f1443
ENSG00000121270|ABCC11|2d11272
ENSG00000121270|ABCC11|9768a52
ENSG00000121270|ABCC11|8c9751e
ENSG00000121270|ABCC11|5b15f0f
ENSG00000121270|ABCC11|1f6495c
ENSG00000121270|ABCC11|c4d221b
ENSG00000121270|ABCC11|8684da9
ENSG00000121270|ABCC11|bf13f4d
ENSG00000188404|SELL|664c9da
ENSG00000188404|SELL|2b0553a
ENSG00000188404|SELL|8f8cb2a
ENSG00000188404|SELL|e0de718
ENSG00000188404|SELL|fa8dd77
ENSG00000188404|SELL|974d223
ENSG00000188404|SELL|3b3ebc9
ENSG00000188404|SELL|f526270
ENSG00000188404|SELL|cd11bce
ENSG00000188404|SELL|4f34b6c
ENSG00000188404|SELL|23f43e6
ENSG00000188404|SELL|ecb474b
ENSG00000188404|SELL|a3264e2
ENSG00000188404|SELL|cef89aa
ENSG00000188404|SELL|227ad80
ENSG00000188404|SELL|5dbd81a
ENSG00000188404|SELL|9bf0ce5
ENSG00000188404|SELL|03613a9
ENSG00000188404|SELL|1f57a8f
ENSG00000188404|SELL|7bf0aa2
ENSG00000173801|JUP|30b96d8
ENSG00000173801|JUP|14bd5fd
ENSG00000173801|JUP|f08bb0a
ENSG00000173801|JUP|f158e9e
ENSG00000173801|JUP|fb17d12
ENSG00000173801|JUP|ac0cf8d
ENSG00000173801|JUP|860074d
ENSG00000173801|JUP|d17ec83
ENSG00000173801|JUP|8afd024
ENSG00000173801|JUP|a45116d
ENSG00000173801|JUP|a8c4cc9
ENSG00000173801|JUP|3f3c119
ENSG00000173801|JUP|eb7e72c
ENSG00000167306|MYO5B|e335b18
ENSG00000167306|MYO5B|bb1292a
ENSG00000167306|MYO5B|07662ac
ENSG00000167306|MYO5B|3ccb437
ENSG00000167306|MYO5B|a1ff3c8
ENSG00000167306|MYO5B|f53517d
ENSG00000167306|MYO5B|d3b845a
ENSG00000167306|MYO5B|306983f
ENSG00000167306|MYO5B|715ff86
ENSG00000167306|MYO5B|ff96b7e
ENSG00000167306|MYO5B|abf4d8d
ENSG00000167306|MYO5B|a5684fd
ENSG00000167306|MYO5B|cf8aefd
ENSG00000167306|MYO5B|8faa967
ENSG00000167306|MYO5B|db5352e
ENSG00000167306|MYO5B|a0b9649
ENSG00000167306|MYO5B|2d74eb6
ENSG00000167306|MYO5B|ed19e5e
ENSG00000167306|MYO5B|3a9a7ee
ENSG00000167306|MYO5B|5ff9519
ENSG00000126353|CCR7|cadb3f2
ENSG00000126353|CCR7|2872cc9
ENSG00000126353|CCR7|355c1df
ENSG00000126353|CCR7|ca9d7f8
ENSG00000126353|CCR7|a7885ea
ENSG00000126353|CCR7|32168bc
ENSG00000126353|CCR7|51a18ee
ENSG00000126353|CCR7|fd15cc5
ENSG00000126353|CCR7|c61a3ca
ENSG00000126353|CCR7|6dab028
ENSG00000126353|CCR7|c46045a
ENSG00000126353|CCR7|7314bc7
ENSG00000126353|CCR7|7ae96b5
ENSG00000126353|CCR7|f8a5790
ENSG00000126353|CCR7|0396031
ENSG00000129514|FOXA1|4501f08
ENSG00000129514|FOXA1|ae9590e
ENSG00000129514|FOXA1|7fd5692
ENSG00000129514|FOXA1|e360ec9
ENSG00000129514|FOXA1|931c2c3
ENSG00000129514|FOXA1|134213c
ENSG00000129514|FOXA1|9821c30
ENSG00000129514|FOXA1|ab5d516
ENSG00000129514|FOXA1|3df467c
ENSG00000129514|FOXA1|7da393f
ENSG00000129514|FOXA1|d1610d6
ENSG00000129514|FOXA1|e324df5
ENSG00000129514|FOXA1|5e28e16
ENSG00000129514|FOXA1|af56e83
ENSG00000129514|FOXA1|f51c4ce
ENSG00000129514|FOXA1|c40dab0
ENSG00000129514|FOXA1|2e9bb7a
ENSG00000168329|CX3CR1|452ebdc
ENSG00000168329|CX3CR1|3748954
ENSG00000168329|CX3CR1|bc83549
ENSG00000168329|CX3CR1|ad85f72
ENSG00000168329|CX3CR1|16268a7
ENSG00000168329|CX3CR1|8d9373b
ENSG00000168329|CX3CR1|cb3967f
ENSG00000168329|CX3CR1|cfcaa5c
ENSG00000168329|CX3CR1|7a4d8cb
ENSG00000168329|CX3CR1|86c8ba4
ENSG00000168329|CX3CR1|0b9f086
ENSG00000168329|CX3CR1|b22c7ef
ENSG00000168329|CX3CR1|b0cbfd0
ENSG00000168329|CX3CR1|4e032f4
ENSG00000168329|CX3CR1|7c2eead
ENSG00000168329|CX3CR1|4b978b7
ENSG00000168329|CX3CR1|b1d10b0
ENSG00000168329|CX3CR1|4e9893a
ENSG00000168329|CX3CR1|a90a363
ENSG00000168329|CX3CR1|d56043b
ENSG00000079337|RAPGEF3|01cbee9
ENSG00000079337|RAPGEF3|0b65a58
ENSG00000079337|RAPGEF3|2b0ff6a
ENSG00000079337|RAPGEF3|729a5f9
ENSG00000079337|RAPGEF3|40dde4e
ENSG00000079337|RAPGEF3|3f3b0d5
ENSG00000079337|RAPGEF3|73497b1
ENSG00000079337|RAPGEF3|0a4e1d9
ENSG00000079337|RAPGEF3|4a2d9d6
ENSG00000079337|RAPGEF3|5f0b910
ENSG00000079337|RAPGEF3|583caed
ENSG00000079337|RAPGEF3|f652be5
ENSG00000079337|RAPGEF3|e01ef40
ENSG00000079337|RAPGEF3|a0cbda4
ENSG00000079337|RAPGEF3|1250fb5
ENSG00000079337|RAPGEF3|1e139a0
ENSG00000079337|RAPGEF3|e170b67
ENSG00000079337|RAPGEF3|374a26d
ENSG00000079337|RAPGEF3|ff65e98
ENSG00000079337|RAPGEF3|07992c6
ENSG00000079337|RAPGEF3|45c3521
ENSG00000079337|RAPGEF3|52d7933
ENSG00000079337|RAPGEF3|d5d8163
ENSG00000079337|RAPGEF3|8475043
ENSG00000079337|RAPGEF3|a9c6fe8
ENSG00000079337|RAPGEF3|b352617
ENSG00000079337|RAPGEF3|bd7e8c6
ENSG00000079337|RAPGEF3|ad1afd8
ENSG00000079337|RAPGEF3|59b6c83
ENSG00000079337|RAPGEF3|2294eca
ENSG00000079337|RAPGEF3|0b3ce97
ENSG00000079337|RAPGEF3|eec7f34
ENSG00000170542|SERPINB9|e670971
ENSG00000170542|SERPINB9|89bacd8
ENSG00000170542|SERPINB9|5a1ceca
ENSG00000170542|SERPINB9|b4781f1
ENSG00000170542|SERPINB9|eb6e256
ENSG00000170542|SERPINB9|4ba97c6
ENSG00000170542|SERPINB9|0481d99
ENSG00000170542|SERPINB9|815d224
ENSG00000170542|SERPINB9|6e5e8df
ENSG00000170542|SERPINB9|d942dc4
ENSG00000170542|SERPINB9|dda2b6b
ENSG00000170542|SERPINB9|b04bd7e
ENSG00000170542|SERPINB9|251cdc2
ENSG00000170542|SERPINB9|450f686
ENSG00000170542|SERPINB9|a3f76c3
ENSG00000170542|SERPINB9|4e1e9eb
ENSG00000170542|SERPINB9|6f9ec60
ENSG00000170542|SERPINB9|d5fbffa
ENSG00000170542|SERPINB9|7f2036b
ENSG00000170542|SERPINB9|7f056dc
ENSG00000007312|CD79B|21e18c4
ENSG00000007312|CD79B|b594af8
ENSG00000007312|CD79B|d1c6bba
ENSG00000007312|CD79B|b0f1ff4
ENSG00000007312|CD79B|e73e63a
ENSG00000271503|CCL5|96a5f00
ENSG00000271503|CCL5|ae9512d
ENSG00000271503|CCL5|0a7847b
ENSG00000154380|ENAH|45038dc
ENSG00000154380|ENAH|9e249ee
ENSG00000154380|ENAH|efacc17
ENSG00000154380|ENAH|ca9f128
ENSG00000154380|ENAH|9071893
ENSG00000154380|ENAH|6c4b06d
ENSG00000154380|ENAH|ae0fa18
ENSG00000154380|ENAH|9b05916
ENSG00000154380|ENAH|248dbfc
ENSG00000154380|ENAH|6b16da1
ENSG00000154380|ENAH|199f327
ENSG00000154380|ENAH|af32560
ENSG00000154380|ENAH|6e689a4
ENSG00000154380|ENAH|e02c10a
ENSG00000154380|ENAH|b4dee0c
ENSG00000154380|ENAH|c7fea00
ENSG00000154380|ENAH|e49e879
ENSG00000154380|ENAH|f40bed1
ENSG00000154380|ENAH|bcbff67
ENSG00000154380|ENAH|a09a0ed
ENSG00000095066|HOOK2|25a5f33
ENSG00000095066|HOOK2|d07fc17
ENSG00000095066|HOOK2|0ebb14a
ENSG00000095066|HOOK2|5abb338
ENSG00000095066|HOOK2|b27eb0e
ENSG00000095066|HOOK2|29af8c8
ENSG00000095066|HOOK2|987383b
ENSG00000095066|HOOK2|5e9ca0e
ENSG00000095066|HOOK2|da58fda
ENSG00000095066|HOOK2|28bf860
ENSG00000095066|HOOK2|efda8f5
ENSG00000095066|HOOK2|26c2353
ENSG00000095066|HOOK2|b298adc
ENSG00000271503|CCL5|f47c5e3
ENSG00000271503|CCL5|7ac7a28
ENSG00000124469|CEACAM8|65428b9
ENSG00000124469|CEACAM8|36b6ea1
ENSG00000124469|CEACAM8|e440a6d
ENSG00000124469|CEACAM8|00e6bd0
ENSG00000124469|CEACAM8|e683d7e
ENSG00000124469|CEACAM8|829af18
ENSG00000124469|CEACAM8|d71f4d8
ENSG00000124469|CEACAM8|512cd32
ENSG00000124469|CEACAM8|56df0b5
ENSG00000124469|CEACAM8|631477a
ENSG00000124469|CEACAM8|f6f8a05
ENSG00000124469|CEACAM8|12e1226
ENSG00000124469|CEACAM8|6641ed2
ENSG00000128052|KDR|09924c6
ENSG00000128052|KDR|9c628ed
ENSG00000128052|KDR|af1129c
ENSG00000128052|KDR|d7793a9
ENSG00000128052|KDR|916d62b
ENSG00000095066|HOOK2|37d3472
ENSG00000128052|KDR|58827df
ENSG00000128052|KDR|b3e2c35
ENSG00000128052|KDR|002db3c
ENSG00000128052|KDR|d919cfe
ENSG00000128052|KDR|c5a5b51
ENSG00000128052|KDR|888c859
ENSG00000128052|KDR|6f92559
ENSG00000128052|KDR|1c60684
ENSG00000128052|KDR|8ac1ba7
ENSG00000128052|KDR|b6a4aef
ENSG00000128052|KDR|ae1aa0d
ENSG00000128052|KDR|807e5fe
ENSG00000128052|KDR|04c1221
ENSG00000128052|KDR|d0e0ac9
ENSG00000128052|KDR|3968d84
ENSG00000110848|CD69|89f0b91
ENSG00000110848|CD69|0819b07
ENSG00000110848|CD69|b46a62e
ENSG00000110848|CD69|686a957
ENSG00000110848|CD69|7ce1dff
ENSG00000110848|CD69|d9482d2
ENSG00000110848|CD69|3fb92ab
ENSG00000110848|CD69|bbb8da2
ENSG00000110848|CD69|2799d54
ENSG00000110848|CD69|12abec1
ENSG00000110848|CD69|1f2dc8a
ENSG00000110848|CD69|198093c
ENSG00000110848|CD69|6867b75
ENSG00000110848|CD69|edd71d1
ENSG00000110848|CD69|62c9051
ENSG00000110848|CD69|6e81937
ENSG00000110848|CD69|4fbbaff
ENSG00000110848|CD69|980a336
ENSG00000110848|CD69|bc2a40b
ENSG00000110848|CD69|7989190
ENSG00000110848|CD69|54069cc
ENSG00000110848|CD69|c146b35
ENSG00000110848|CD69|3f316f7
ENSG00000169554|ZEB2|208ac34
ENSG00000169554|ZEB2|154f971
ENSG00000169554|ZEB2|0055c52
ENSG00000169554|ZEB2|816a52b
ENSG00000169554|ZEB2|c755ea9
ENSG00000169554|ZEB2|b1941e1
ENSG00000169554|ZEB2|7fa20c9
ENSG00000169554|ZEB2|2b0da68
ENSG00000169554|ZEB2|6b5f2c0
ENSG00000169554|ZEB2|cd7310f
ENSG00000169554|ZEB2|39abaee
ENSG00000169554|ZEB2|6354c92
ENSG00000169554|ZEB2|f4488c2
ENSG00000169554|ZEB2|3e265e5
ENSG00000169554|ZEB2|4821fc6
ENSG00000169554|ZEB2|ee574e7
ENSG00000169554|ZEB2|47f682a
ENSG00000169554|ZEB2|932bb0b
ENSG00000169554|ZEB2|c6cdf38
ENSG00000169554|ZEB2|3098e5f
ENSG00000169554|ZEB2|b92baa5
ENSG00000169554|ZEB2|04f4bda
ENSG00000169554|ZEB2|4a399b2
ENSG00000169554|ZEB2|4fd2e99
ENSG00000169554|ZEB2|276a2ae
ENSG00000169554|ZEB2|762cb19
ENSG00000169554|ZEB2|be20dce
ENSG00000169554|ZEB2|1a082cd
ENSG00000169554|ZEB2|4435cf9
ENSG00000169554|ZEB2|5e748b9
ENSG00000169554|ZEB2|707d3eb
ENSG00000169554|ZEB2|62e2f4f
ENSG00000169554|ZEB2|2367d16
ENSG00000169554|ZEB2|6814e4c
ENSG00000169554|ZEB2|da21ab1
ENSG00000169554|ZEB2|ca357f5
ENSG00000169554|ZEB2|10b6d76
ENSG00000169554|ZEB2|4730cbe
ENSG00000169554|ZEB2|003b777
ENSG00000169554|ZEB2|93d2b78
ENSG00000169554|ZEB2|d096819
ENSG00000169554|ZEB2|a8fa467
ENSG00000169554|ZEB2|483980a
ENSG00000169554|ZEB2|b756cd1
ENSG00000169554|ZEB2|e41a4c4
ENSG00000169554|ZEB2|8ae77d4
ENSG00000169554|ZEB2|1ea16fe
ENSG00000108244|KRT23|4ab105c
ENSG00000108244|KRT23|a85424f
ENSG00000108244|KRT23|20d3fe5
ENSG00000108244|KRT23|edf1d14
ENSG00000108244|KRT23|9000acc
ENSG00000108244|KRT23|247b0a2
ENSG00000108244|KRT23|247db12
ENSG00000108244|KRT23|8488b2a
ENSG00000108244|KRT23|1d36eea
ENSG00000108244|KRT23|d5dbd02
ENSG00000108244|KRT23|7b918cf
ENSG00000108244|KRT23|a9d360a
ENSG00000108244|KRT23|2046233
ENSG00000108244|KRT23|4c2fb43
ENSG00000108244|KRT23|1ff6bd1
ENSG00000108244|KRT23|1d156d9
ENSG00000108244|KRT23|d4f5e70
ENSG00000108244|KRT23|c6ec58e
ENSG00000108244|KRT23|da34ce9
ENSG00000108244|KRT23|286dd55
ENSG00000108244|KRT23|3822b97
ENSG00000108244|KRT23|71227d3
ENSG00000100721|TCL1A|1b7793e
ENSG00000100721|TCL1A|835c9d0
ENSG00000100721|TCL1A|34794f1
ENSG00000100721|TCL1A|f121077
ENSG00000100721|TCL1A|b1eac02
ENSG00000100721|TCL1A|493b7d4
ENSG00000100721|TCL1A|42261d6
ENSG00000100721|TCL1A|5dce421
ENSG00000100721|TCL1A|dd378d9
ENSG00000100721|TCL1A|7c94e73
ENSG00000124466|LYPD3|8fef2b3
ENSG00000124466|LYPD3|4ae1ba3
ENSG00000124466|LYPD3|1f23404
ENSG00000124466|LYPD3|8f3c783
ENSG00000124466|LYPD3|c17f62d
ENSG00000172053|QARS|ce52c91
ENSG00000172053|QARS|5d75f9e
ENSG00000172053|QARS|a0533df
ENSG00000172053|QARS|d21e5b6
ENSG00000188389|PDCD1|2ace2a5
ENSG00000188389|PDCD1|685d9d7
ENSG00000178607|ERN1|f4ea537
ENSG00000178607|ERN1|7127cab
ENSG00000178607|ERN1|a25ca84
ENSG00000178607|ERN1|6c7a2ea
ENSG00000178607|ERN1|c6140ac
ENSG00000178607|ERN1|90c590a
ENSG00000178607|ERN1|836ed85
ENSG00000178607|ERN1|d397905
ENSG00000178607|ERN1|abba7e0
ENSG00000178607|ERN1|9085fdf
ENSG00000178607|ERN1|8853888
ENSG00000178607|ERN1|a13f12e
ENSG00000178607|ERN1|92909f8
ENSG00000178607|ERN1|e36fae3
ENSG00000178607|ERN1|f67e762
ENSG00000178607|ERN1|fcbf2a3
ENSG00000172053|QARS|7d1d7da
ENSG00000172053|QARS|74f94bd
ENSG00000172053|QARS|9cfee6d
ENSG00000172053|QARS|7780393
ENSG00000172053|QARS|92f411f
ENSG00000172053|QARS|78ef04a
ENSG00000172053|QARS|2d888ab
ENSG00000172053|QARS|bb5213a
ENSG00000172053|QARS|d3758b4
ENSG00000172053|QARS|fb26bc9
ENSG00000172053|QARS|a9a4704
ENSG00000172053|QARS|257a82a
ENSG00000172053|QARS|694e8f9
ENSG00000172053|QARS|72d0736
ENSG00000172053|QARS|f8198d1
ENSG00000172053|QARS|8808389
ENSG00000178607|ERN1|a1370c0
ENSG00000178607|ERN1|d969b61
ENSG00000178607|ERN1|089590d
ENSG00000178607|ERN1|49c22ef
ENSG00000178607|ERN1|5e84c26
ENSG00000178607|ERN1|2655aa4
ENSG00000178607|ERN1|f5cc820
ENSG00000178607|ERN1|1b0d2d6
ENSG00000178607|ERN1|161ff34
ENSG00000178607|ERN1|90a2297
ENSG00000178607|ERN1|89243ee
ENSG00000178607|ERN1|2ff5c53
ENSG00000076554|TPD52|03f653c
ENSG00000076554|TPD52|b3b8958
ENSG00000076554|TPD52|d81a6c3
ENSG00000076554|TPD52|a46b492
ENSG00000076554|TPD52|3d42c33
ENSG00000076554|TPD52|d66a19a
ENSG00000076554|TPD52|b345bb8
ENSG00000076554|TPD52|3df4c04
ENSG00000076554|TPD52|b13c361
ENSG00000076554|TPD52|ad1af10
ENSG00000076554|TPD52|36b05b7
ENSG00000076554|TPD52|16c4d63
ENSG00000076554|TPD52|0fb8dec
ENSG00000076554|TPD52|3aa5d2b
ENSG00000076554|TPD52|185d88f
ENSG00000076554|TPD52|f09f0f8
ENSG00000076554|TPD52|7b431f5
ENSG00000076554|TPD52|5d44e40
ENSG00000076554|TPD52|984561a
ENSG00000076554|TPD52|803eb99
ENSG00000076554|TPD52|7d94ff7
ENSG00000111796|KLRB1|85d09a7
ENSG00000111796|KLRB1|b465af3
ENSG00000111796|KLRB1|f94ef19
ENSG00000111796|KLRB1|fbbb173
ENSG00000111796|KLRB1|70efaab
ENSG00000111796|KLRB1|374d576
ENSG00000111796|KLRB1|9460967
ENSG00000111796|KLRB1|26cbcfa
ENSG00000111796|KLRB1|b4a528e
ENSG00000111796|KLRB1|1265de5
ENSG00000111796|KLRB1|af24dcc
ENSG00000111796|KLRB1|41c8a46
ENSG00000186847|KRT14|7074c0f
ENSG00000186847|KRT14|8610da1
ENSG00000186847|KRT14|c1e8c25
ENSG00000186847|KRT14|73d5ab8
ENSG00000186847|KRT14|3611365
ENSG00000186847|KRT14|5612098
ENSG00000138074|SLC5A6|278b642
ENSG00000138074|SLC5A6|6d82e3f
ENSG00000138074|SLC5A6|f33d13a
ENSG00000138074|SLC5A6|3b86140
ENSG00000138074|SLC5A6|1707aef
ENSG00000138074|SLC5A6|69dff02
ENSG00000138074|SLC5A6|a3aad21
ENSG00000138074|SLC5A6|f6a7a52
ENSG00000138074|SLC5A6|560ca9f
ENSG00000138074|SLC5A6|ec85c2f
ENSG00000138074|SLC5A6|7f9075e
ENSG00000138074|SLC5A6|3319e49
ENSG00000138074|SLC5A6|d4d5f68
ENSG00000138074|SLC5A6|9ec2ab7
ENSG00000138074|SLC5A6|67bb56e
ENSG00000138074|SLC5A6|33546de
ENSG00000138074|SLC5A6|c3f19d6
ENSG00000138074|SLC5A6|29114fe
ENSG00000138074|SLC5A6|6b841dc
ENSG00000134755|DSC2|6e39165
ENSG00000134755|DSC2|6f62471
ENSG00000134755|DSC2|e78b597
ENSG00000134755|DSC2|9de361f
ENSG00000134755|DSC2|f93d3c7
ENSG00000138074|SLC5A6|cf3c403
ENSG00000134755|DSC2|92d94a4
ENSG00000134755|DSC2|f745fe6
ENSG00000134755|DSC2|f0cf857
ENSG00000134755|DSC2|cbb181b
ENSG00000134755|DSC2|a07b9d6
ENSG00000134755|DSC2|dde2d5e
ENSG00000134755|DSC2|9f8e858
ENSG00000134755|DSC2|5a5f924
ENSG00000134755|DSC2|c781d07
ENSG00000134755|DSC2|0f3c990
ENSG00000134755|DSC2|bab3b5a
ENSG00000134755|DSC2|167014d
ENSG00000134755|DSC2|acfb490
ENSG00000134755|DSC2|f4772be
ENSG00000134755|DSC2|e9bbed5
ENSG00000170458|CD14|d1f0794
ENSG00000170458|CD14|3f4e9f8
ENSG00000170458|CD14|bbcc67f
ENSG00000170458|CD14|a486f89
ENSG00000170458|CD14|22f9405
ENSG00000170458|CD14|b13a858
ENSG00000170458|CD14|7b82658
ENSG00000170458|CD14|96ce7e8
ENSG00000170458|CD14|91db672
ENSG00000169710|FASN|04db3c9
ENSG00000169710|FASN|4309eab
ENSG00000169710|FASN|aa7bd32
ENSG00000169710|FASN|cf66076
ENSG00000169710|FASN|bc48d37
ENSG00000169710|FASN|1b5c45d
ENSG00000169710|FASN|fb620c8
ENSG00000198821|CD247|be0908e
ENSG00000169710|FASN|0effed2
ENSG00000169710|FASN|4602a8e
ENSG00000169710|FASN|d4491b0
ENSG00000169710|FASN|3334d63
ENSG00000169710|FASN|4940f0e
ENSG00000169710|FASN|f2a591f
ENSG00000169710|FASN|ec42e86
ENSG00000169710|FASN|253b817
ENSG00000082175|PGR|a87d4f3
ENSG00000082175|PGR|c78efb8
ENSG00000082175|PGR|7e8a3e7
ENSG00000082175|PGR|0530e9e
ENSG00000082175|PGR|9d20e43
ENSG00000082175|PGR|9c2efe6
ENSG00000082175|PGR|95ddcd3
ENSG00000082175|PGR|875b1bd
ENSG00000198821|CD247|f1461ac
ENSG00000198821|CD247|5019e15
ENSG00000198821|CD247|fd9072d
ENSG00000198821|CD247|80baa6f
ENSG00000198821|CD247|5774fc6
ENSG00000198821|CD247|1a0a71d
ENSG00000198821|CD247|3a59b52
ENSG00000198821|CD247|2eb5d54
ENSG00000198821|CD247|629fec3
ENSG00000198821|CD247|9ba7a16
ENSG00000198821|CD247|3c02464
ENSG00000198821|CD247|fe7d938
ENSG00000198821|CD247|64b3759
ENSG00000198821|CD247|7562a24
ENSG00000198821|CD247|13b3614
ENSG00000170458|CD14|9ff798c
ENSG00000082175|PGR|cf50c2c
ENSG00000082175|PGR|50cfb7b
ENSG00000137502|RAB30|06d4c31
ENSG00000137502|RAB30|fda2759
ENSG00000137502|RAB30|e12b8e8
ENSG00000137502|RAB30|0e64474
ENSG00000137502|RAB30|2698efa
ENSG00000137502|RAB30|b01023c
ENSG00000137502|RAB30|f9218df
ENSG00000137502|RAB30|a91cac2
ENSG00000137502|RAB30|4ed91e3
ENSG00000137502|RAB30|45d4396
ENSG00000137502|RAB30|1f3b1b3
ENSG00000137502|RAB30|86a9322
ENSG00000137502|RAB30|c00d2c9
ENSG00000137502|RAB30|b256328
ENSG00000137502|RAB30|eebadbe
ENSG00000137502|RAB30|49f4707
ENSG00000137502|RAB30|18138fa
ENSG00000137502|RAB30|372dd7f
ENSG00000137502|RAB30|4cafc0d
ENSG00000137502|RAB30|542a20a
ENSG00000082175|PGR|b3a618c
ENSG00000082175|PGR|ad566f2
ENSG00000082175|PGR|d232afb
ENSG00000082175|PGR|55d2d37
ENSG00000082175|PGR|ba22dd4
ENSG00000082175|PGR|e38eba6
ENSG00000082175|PGR|6847f6a
ENSG00000082175|PGR|a9ccc9b
ENSG00000082175|PGR|1e2256b
ENSG00000082175|PGR|4ff625b
ENSG00000082175|PGR|4c3e011
ENSG00000082175|PGR|f936455
ENSG00000082175|PGR|69c8584
ENSG00000082175|PGR|727581b
ENSG00000082175|PGR|7b15c2f
ENSG00000082175|PGR|c9d6f55
ENSG00000137502|RAB30|82c024b
ENSG00000137502|RAB30|399f3c6
ENSG00000137502|RAB30|55e1c22
ENSG00000137502|RAB30|58cdc38
ENSG00000137502|RAB30|08fb7f1
ENSG00000137502|RAB30|59f6478
ENSG00000137502|RAB30|14fa398
ENSG00000137502|RAB30|12e3181
ENSG00000137502|RAB30|4d40256
ENSG00000137502|RAB30|2d1ea5d
ENSG00000165474|GJB2|7e73b2c
ENSG00000165474|GJB2|f9cc0ac
ENSG00000165474|GJB2|5d9a2dc
ENSG00000165474|GJB2|e1d5865
ENSG00000165474|GJB2|5432da4
ENSG00000165474|GJB2|863dd8f
ENSG00000165474|GJB2|44d4ac1
ENSG00000165474|GJB2|eaa9339
ENSG00000196611|MMP1|afdcef1
ENSG00000196611|MMP1|83c6229
ENSG00000196611|MMP1|5aa758f
ENSG00000196611|MMP1|1621c84
ENSG00000196611|MMP1|a5f6c84
ENSG00000196611|MMP1|c1e6b2a
ENSG00000196611|MMP1|bd056ee
ENSG00000196611|MMP1|1783a90
ENSG00000196611|MMP1|038dc72
ENSG00000196611|MMP1|aa10db5
ENSG00000196611|MMP1|9ef93ee
ENSG00000196611|MMP1|536b093
ENSG00000196611|MMP1|04555ff
ENSG00000196611|MMP1|0d6fd0e
ENSG00000196611|MMP1|bd550c4
ENSG00000196611|MMP1|43cb513
ENSG00000165474|GJB2|5195956
ENSG00000165474|GJB2|c442fe0
ENSG00000165474|GJB2|87ee5a2
ENSG00000165474|GJB2|836bd07
ENSG00000165474|GJB2|2f41530
ENSG00000165474|GJB2|3e58c18
ENSG00000165474|GJB2|adf7775
ENSG00000165474|GJB2|12214ce
ENSG00000165474|GJB2|0a02c86
ENSG00000165474|GJB2|a5f4dbb
ENSG00000165474|GJB2|d3d43f8
ENSG00000165474|GJB2|22ad65b
ENSG00000196611|MMP1|347a50d
ENSG00000196611|MMP1|0c5cd11
ENSG00000196611|MMP1|a61d758
ENSG00000196611|MMP1|3084648
ENSG00000131747|TOP2A|a2fd22c
ENSG00000131747|TOP2A|693fcb9
ENSG00000131747|TOP2A|1544de3
ENSG00000131747|TOP2A|f01aff2
ENSG00000262406|MMP12|295313e
ENSG00000262406|MMP12|6310bdc
ENSG00000262406|MMP12|5a46c6b
ENSG00000262406|MMP12|10438ec
ENSG00000262406|MMP12|8e36944
ENSG00000262406|MMP12|1d31edf
ENSG00000262406|MMP12|9685df6
ENSG00000262406|MMP12|ee50359
ENSG00000262406|MMP12|559f7d0
ENSG00000262406|MMP12|e209eb5
ENSG00000262406|MMP12|db1c67d
ENSG00000262406|MMP12|3407fe4
ENSG00000262406|MMP12|378f13e
ENSG00000262406|MMP12|235726d
ENSG00000262406|MMP12|2478ca7
ENSG00000131747|TOP2A|778685d
ENSG00000131747|TOP2A|289ee87
ENSG00000131747|TOP2A|ff121ad
ENSG00000131747|TOP2A|34d5d12
ENSG00000131747|TOP2A|59d203c
ENSG00000131747|TOP2A|1322d9d
ENSG00000131747|TOP2A|0c0e117
ENSG00000131747|TOP2A|149b987
ENSG00000131747|TOP2A|0a25cee
ENSG00000131747|TOP2A|0f11107
ENSG00000131747|TOP2A|3b44723
ENSG00000131747|TOP2A|6cde379
ENSG00000131747|TOP2A|9fdb901
ENSG00000131747|TOP2A|3f85afe
ENSG00000131747|TOP2A|1997f44
ENSG00000131747|TOP2A|89a013e
ENSG00000262406|MMP12|1f53476
ENSG00000184292|TACSTD2|b5c7767
ENSG00000184292|TACSTD2|e4bdcbe
ENSG00000184292|TACSTD2|56ed2fa
ENSG00000184292|TACSTD2|7364bff
ENSG00000184292|TACSTD2|cc9632c
ENSG00000184292|TACSTD2|3224263
ENSG00000184292|TACSTD2|d716a54
ENSG00000184292|TACSTD2|f97d34d
ENSG00000188112|C6orf132|d9aca51
ENSG00000188112|C6orf132|fa19256
ENSG00000188112|C6orf132|e39f069
ENSG00000188112|C6orf132|a867016
ENSG00000188112|C6orf132|b0af733
ENSG00000188112|C6orf132|961db5e
ENSG00000188112|C6orf132|2aa544a
ENSG00000188112|C6orf132|6f68869
ENSG00000188112|C6orf132|eefae41
ENSG00000188112|C6orf132|22a0b01
ENSG00000188112|C6orf132|6f511eb
ENSG00000188112|C6orf132|104b5bb
ENSG00000188112|C6orf132|0e5249f
ENSG00000188112|C6orf132|0b4a4e3
ENSG00000188112|C6orf132|c08fb35
ENSG00000188112|C6orf132|26d287a
ENSG00000188112|C6orf132|5fd300b
ENSG00000188112|C6orf132|76b44bc
ENSG00000188112|C6orf132|c64199c
ENSG00000188112|C6orf132|418a513
ENSG00000197329|PELI1|96d8cee
ENSG00000197329|PELI1|e5a7395
ENSG00000197329|PELI1|cc61927
ENSG00000197329|PELI1|f9c1674
ENSG00000197329|PELI1|7385e0f
ENSG00000197329|PELI1|20ac297
ENSG00000197329|PELI1|0b86c8d
ENSG00000197329|PELI1|dbbb80e
ENSG00000197329|PELI1|5675234
ENSG00000197329|PELI1|500115f
ENSG00000197329|PELI1|fec4f85
ENSG00000163735|CXCL5|cc34d52
ENSG00000163735|CXCL5|a72101a
ENSG00000163735|CXCL5|78f9c6d
ENSG00000163735|CXCL5|38286d9
ENSG00000163735|CXCL5|453b50f
ENSG00000163735|CXCL5|0c54676
ENSG00000163735|CXCL5|c570ecd
ENSG00000163735|CXCL5|b367d89
ENSG00000163735|CXCL5|acf7e33
ENSG00000163735|CXCL5|7b69fd1
ENSG00000137285|TUBB2B|86523ef
ENSG00000137285|TUBB2B|950c98d
ENSG00000159167|STC1|cbee136
ENSG00000159167|STC1|467f72c
ENSG00000159167|STC1|cffc23c
ENSG00000159167|STC1|f8c9c97
ENSG00000159167|STC1|83ca62f
ENSG00000159167|STC1|b1d4174
ENSG00000159167|STC1|c6f2b9b
ENSG00000159167|STC1|28b7999
ENSG00000159167|STC1|08926cd
ENSG00000159167|STC1|7d7bf90
ENSG00000159167|STC1|a2b4681
ENSG00000159167|STC1|ef97a31
ENSG00000159167|STC1|744b022
ENSG00000159167|STC1|1cbaee2
ENSG00000159167|STC1|1a401ac
ENSG00000159167|STC1|6246f4a
ENSG00000163735|CXCL5|1ce1875
ENSG00000163735|CXCL5|99a4267
ENSG00000163735|CXCL5|067ece0
ENSG00000163735|CXCL5|fa3a030
ENSG00000163735|CXCL5|5e49665
ENSG00000163735|CXCL5|0979927
ENSG00000110799|VWF|1faac2a
ENSG00000110799|VWF|8d321a8
ENSG00000110799|VWF|46c07cf
ENSG00000110799|VWF|2b16845
ENSG00000110799|VWF|bf35bcb
ENSG00000110799|VWF|5a541e4
ENSG00000110799|VWF|1e52c95
ENSG00000110799|VWF|3c7b0ca
ENSG00000110799|VWF|735a33f
ENSG00000110799|VWF|0bb7884
ENSG00000110799|VWF|574348d
ENSG00000110799|VWF|cc3bd8e
ENSG00000110799|VWF|1bded9a
ENSG00000110799|VWF|9398587
ENSG00000110799|VWF|7f42861
ENSG00000189334|S100A14|b32a42d
ENSG00000189334|S100A14|43b187a
ENSG00000189334|S100A14|f63a942
ENSG00000189334|S100A14|f75d713
ENSG00000189334|S100A14|b02e3f2
ENSG00000189334|S100A14|b61a619
ENSG00000189334|S100A14|d0311f2
ENSG00000189334|S100A14|445eb20
ENSG00000189334|S100A14|d68e487
ENSG00000189334|S100A14|303e594
ENSG00000189334|S100A14|1a9b7a7
ENSG00000110799|VWF|da953a7
ENSG00000110799|VWF|2260313
ENSG00000110799|VWF|1ab38d8
ENSG00000110799|VWF|3d43cab
ENSG00000110799|VWF|10d10de
ENSG00000197329|PELI1|2c056c0
ENSG00000197329|PELI1|912de0d
ENSG00000197329|PELI1|068a458
ENSG00000197329|PELI1|89f2ab7
ENSG00000197329|PELI1|6a22b7c
ENSG00000197329|PELI1|9920f44
ENSG00000197329|PELI1|5ab5eae
ENSG00000197329|PELI1|3b955d4
ENSG00000197329|PELI1|ad712af
ENSG00000159167|STC1|e9bae2e
ENSG00000159167|STC1|b796feb
ENSG00000159167|STC1|bcff098
ENSG00000159167|STC1|c9d5405
ENSG00000159167|STC1|370a87a
ENSG00000159167|STC1|54b07b2
ENSG00000159167|STC1|1b5e936
ENSG00000137285|TUBB2B|2c3eb89
ENSG00000137285|TUBB2B|ec17a71
ENSG00000137285|TUBB2B|2b7cc0a
ENSG00000137285|TUBB2B|fb83179
ENSG00000137285|TUBB2B|ed52e1c
ENSG00000137285|TUBB2B|4d5e0a1
ENSG00000137285|TUBB2B|1dec8c0
ENSG00000137285|TUBB2B|299e9e3
ENSG00000137285|TUBB2B|42f9d0f
ENSG00000140749|IGSF6|d075e13
ENSG00000140749|IGSF6|6d3f027
ENSG00000140749|IGSF6|6eee390
ENSG00000140749|IGSF6|b023a82
ENSG00000140749|IGSF6|341e1ff
ENSG00000140749|IGSF6|5083583
ENSG00000140749|IGSF6|cb6290a
ENSG00000140749|IGSF6|189a81d
ENSG00000140749|IGSF6|4722486
ENSG00000140749|IGSF6|2333127
ENSG00000140749|IGSF6|437ef3b
ENSG00000140749|IGSF6|fa50520
ENSG00000140749|IGSF6|c17f911
ENSG00000140749|IGSF6|3203ff0
ENSG00000140749|IGSF6|6abd6aa
ENSG00000140749|IGSF6|c662322
ENSG00000140749|IGSF6|bbb0281
ENSG00000140749|IGSF6|c238e48
ENSG00000140749|IGSF6|64e6d2b
ENSG00000140749|IGSF6|b2e4ba9
ENSG00000182010|RTKN2|8239a9a
ENSG00000182010|RTKN2|c89fa8b
ENSG00000182010|RTKN2|9d3e6e3
ENSG00000182010|RTKN2|194a4f9
ENSG00000182010|RTKN2|4ddd9f0
ENSG00000227507|LTB|90b8103
ENSG00000227507|LTB|a826274
ENSG00000182010|RTKN2|0758606
ENSG00000182010|RTKN2|a7b676a
ENSG00000182010|RTKN2|c3f6528
ENSG00000182010|RTKN2|0a7b09c
ENSG00000182010|RTKN2|e0d0967
ENSG00000182010|RTKN2|618be35
ENSG00000182010|RTKN2|1e9d736
ENSG00000182010|RTKN2|33ada8c
ENSG00000182010|RTKN2|f4ccf9a
ENSG00000182010|RTKN2|ca77f27
ENSG00000182010|RTKN2|d4ecd45
ENSG00000182010|RTKN2|330b305
ENSG00000182010|RTKN2|a8b1113
ENSG00000182010|RTKN2|66e9f29
ENSG00000182010|RTKN2|7330738
ENSG00000182010|RTKN2|f1779eb
ENSG00000182010|RTKN2|5340756
ENSG00000182010|RTKN2|7b26dc8
ENSG00000182010|RTKN2|382e030
ENSG00000182010|RTKN2|de50990
ENSG00000182010|RTKN2|7c2876a
ENSG00000182010|RTKN2|f6e3acd
ENSG00000182010|RTKN2|274c412
ENSG00000182010|RTKN2|65f3328
ENSG00000182010|RTKN2|e0ae88b
ENSG00000182010|RTKN2|aeff85f
ENSG00000182010|RTKN2|545082d
ENSG00000182010|RTKN2|1637d03
ENSG00000182010|RTKN2|8a0c278
ENSG00000182010|RTKN2|1286141
ENSG00000182010|RTKN2|bd32768
ENSG00000182010|RTKN2|a5c708b
ENSG00000182010|RTKN2|f8f4cf3
ENSG00000182010|RTKN2|3d91c44
ENSG00000182010|RTKN2|7a93ca5
ENSG00000182010|RTKN2|b02c2f0
ENSG00000168497|CAVIN2|ac74c75
ENSG00000168497|CAVIN2|3a7d76e
ENSG00000168497|CAVIN2|b086a53
ENSG00000168497|CAVIN2|d40857e
ENSG00000168497|CAVIN2|fd074ca
ENSG00000168497|CAVIN2|09ac36f
ENSG00000168497|CAVIN2|1a65c53
ENSG00000168497|CAVIN2|855609f
ENSG00000168497|CAVIN2|ed90772
ENSG00000168497|CAVIN2|c6cd8ec
ENSG00000168497|CAVIN2|8c8967f
ENSG00000168497|CAVIN2|e9427ed
ENSG00000168497|CAVIN2|524c07f
ENSG00000168497|CAVIN2|8a5ade8
ENSG00000168497|CAVIN2|9102f09
ENSG00000168497|CAVIN2|a62f974
ENSG00000168497|CAVIN2|541772d
ENSG00000168497|CAVIN2|209208b
ENSG00000168497|CAVIN2|98e732a
ENSG00000168497|CAVIN2|6e0de04
ENSG00000035115|SH3YL1|2be22e0
ENSG00000035115|SH3YL1|df5aa2e
ENSG00000035115|SH3YL1|c6c6474
ENSG00000035115|SH3YL1|8ea94f4
ENSG00000035115|SH3YL1|548c459
ENSG00000035115|SH3YL1|8bae3b7
ENSG00000035115|SH3YL1|ceb3bc3
ENSG00000035115|SH3YL1|f3c0770
ENSG00000035115|SH3YL1|1cb2f7a
ENSG00000035115|SH3YL1|69defce
ENSG00000035115|SH3YL1|c613a2f
ENSG00000035115|SH3YL1|eb6ee41
ENSG00000035115|SH3YL1|aba33e4
ENSG00000035115|SH3YL1|1d5ecdb
ENSG00000035115|SH3YL1|f959002
ENSG00000035115|SH3YL1|9fe222b
ENSG00000035115|SH3YL1|7c5d9b1
ENSG00000147168|IL2RG|83e1c9f
ENSG00000147168|IL2RG|5152ced
ENSG00000147168|IL2RG|daf7846
ENSG00000147168|IL2RG|7f1fa0b
ENSG00000147168|IL2RG|0a03f89
ENSG00000147168|IL2RG|0cda64d
ENSG00000147168|IL2RG|f3f44dd
ENSG00000147168|IL2RG|09c2b17
ENSG00000147168|IL2RG|e059388
ENSG00000125810|CD93|9f4edf3
ENSG00000125810|CD93|cccb429
ENSG00000125810|CD93|1533b2d
ENSG00000125810|CD93|c3ce1eb
ENSG00000125810|CD93|e76be6d
ENSG00000125810|CD93|55d0782
ENSG00000125810|CD93|7db610b
ENSG00000125810|CD93|5d3afa5
ENSG00000125810|CD93|ec77478
ENSG00000125810|CD93|4f1cac3
ENSG00000125810|CD93|77130d0
ENSG00000125810|CD93|fed3d4e
ENSG00000125810|CD93|d9c8c74
ENSG00000125810|CD93|27450d7
ENSG00000125810|CD93|b14fa6c
ENSG00000125810|CD93|60941ce
ENSG00000125810|CD93|c056314
ENSG00000125810|CD93|1ead4b1
ENSG00000125810|CD93|80a2995
ENSG00000125810|CD93|f7cfb93
ENSG00000134545|KLRC1|fbcbe3a
ENSG00000134545|KLRC1|4947e2c
ENSG00000134545|KLRC1|c006eae
ENSG00000197321|SVIL|0326804
ENSG00000197321|SVIL|eb9aba1
ENSG00000197321|SVIL|27c52e7
ENSG00000197321|SVIL|8756f9e
ENSG00000197321|SVIL|01d8706
ENSG00000197321|SVIL|4e2b02d
ENSG00000197321|SVIL|3aa2c41
ENSG00000197321|SVIL|556a467
ENSG00000197321|SVIL|9e22c14
ENSG00000197321|SVIL|5902698
ENSG00000197321|SVIL|7c61771
ENSG00000147168|IL2RG|6d42645
ENSG00000147168|IL2RG|5ec8f32
ENSG00000147168|IL2RG|f0e9b91
ENSG00000147168|IL2RG|ee79bed
ENSG00000147168|IL2RG|e15c6ee
ENSG00000035115|SH3YL1|b6f6ea9
ENSG00000035115|SH3YL1|91be615
ENSG00000035115|SH3YL1|0532269
ENSG00000035115|SH3YL1|2d59d00
ENSG00000035115|SH3YL1|927c84e
ENSG00000035115|SH3YL1|10722f2
ENSG00000035115|SH3YL1|aaabe9f
ENSG00000197321|SVIL|d369a1b
ENSG00000197321|SVIL|3c222f5
ENSG00000197321|SVIL|6542301
ENSG00000197321|SVIL|7cf6fb1
ENSG00000197321|SVIL|a8e6b2a
ENSG00000197321|SVIL|d827275
ENSG00000197321|SVIL|2b15aae
ENSG00000197321|SVIL|c7f21d8
ENSG00000197321|SVIL|c492b45
ENSG00000134545|KLRC1|ae0fb44
ENSG00000134545|KLRC1|c5ffcd7
ENSG00000134545|KLRC1|fffec33
ENSG00000134545|KLRC1|c813974
ENSG00000134545|KLRC1|a7dce71
ENSG00000134545|KLRC1|178ad39
ENSG00000134545|KLRC1|ba887ff
ENSG00000134545|KLRC1|30e491c
ENSG00000134545|KLRC1|e50c1a0
ENSG00000134545|KLRC1|21d73f2
ENSG00000134545|KLRC1|5071aa9
ENSG00000134545|KLRC1|6c8ab61
ENSG00000196616|ADH1B|9ac98a1
ENSG00000196616|ADH1B|d0f6a3c
ENSG00000196616|ADH1B|84829f1
ENSG00000196616|ADH1B|2b75b73
ENSG00000196616|ADH1B|c243b67
ENSG00000196616|ADH1B|f75dfeb
ENSG00000196616|ADH1B|8c1fb68
ENSG00000196616|ADH1B|3a29db1
ENSG00000196616|ADH1B|f82e4b6
ENSG00000196616|ADH1B|62b58a3
ENSG00000196616|ADH1B|a5aa04b
ENSG00000196616|ADH1B|07014f4
ENSG00000196616|ADH1B|4cc9de1
ENSG00000196616|ADH1B|dc9d2ca
ENSG00000196616|ADH1B|7fff222
ENSG00000196616|ADH1B|156ffc9
ENSG00000196616|ADH1B|3ced4a6
ENSG00000196616|ADH1B|052b02d
ENSG00000196616|ADH1B|f343d3c
ENSG00000196616|ADH1B|7375eea
ENSG00000105894|PTN|74e70cc
ENSG00000196616|ADH1B|07b5398
ENSG00000196616|ADH1B|8670fee
ENSG00000196616|ADH1B|09b3cce
ENSG00000185633|NDUFA4L2|36d19a1
ENSG00000185633|NDUFA4L2|00b902d
ENSG00000185633|NDUFA4L2|effd716
ENSG00000105894|PTN|4c903ea
ENSG00000105894|PTN|b31c8f3
ENSG00000105894|PTN|a00647f
ENSG00000105894|PTN|aac5a6c
ENSG00000105894|PTN|313806e
ENSG00000105894|PTN|5e4cc19
ENSG00000105894|PTN|b1dda4a
ENSG00000105894|PTN|26a5149
ENSG00000105894|PTN|6da64b0
ENSG00000154065|ANKRD29|f036a44
ENSG00000154065|ANKRD29|10168de
ENSG00000154065|ANKRD29|a32238a
ENSG00000154065|ANKRD29|d584c11
ENSG00000154065|ANKRD29|a2e2550
ENSG00000154065|ANKRD29|5896dfb
ENSG00000154065|ANKRD29|2a76aa2
ENSG00000108091|CCDC6|6a7bd1e
ENSG00000108091|CCDC6|5e3aebd
ENSG00000108091|CCDC6|f24cdb5
ENSG00000108091|CCDC6|7c0f462
ENSG00000108091|CCDC6|41826c1
ENSG00000110169|HPX|1d393f3
ENSG00000110169|HPX|e286dfd
ENSG00000110169|HPX|371cf30
ENSG00000110169|HPX|76b20ac
ENSG00000110169|HPX|0e6873f
ENSG00000110169|HPX|2b6dec9
ENSG00000110169|HPX|038541d
ENSG00000110169|HPX|1736f23
ENSG00000110169|HPX|617f919
ENSG00000110169|HPX|ba84bb8
ENSG00000110169|HPX|ed171b4
ENSG00000154065|ANKRD29|a64ba3a
ENSG00000108091|CCDC6|82dd11c
ENSG00000108091|CCDC6|e9d64e1
ENSG00000108091|CCDC6|4128e31
ENSG00000108091|CCDC6|b9528b2
ENSG00000108091|CCDC6|8729cad
ENSG00000108091|CCDC6|7fa3e55
ENSG00000108091|CCDC6|302ae64
ENSG00000108091|CCDC6|0748927
ENSG00000108091|CCDC6|eb2eb47
ENSG00000108091|CCDC6|abe9c1c
ENSG00000108091|CCDC6|0d4985d
ENSG00000108091|CCDC6|4934676
ENSG00000108091|CCDC6|3824cd5
ENSG00000108091|CCDC6|1513077
ENSG00000108091|CCDC6|23f7774
ENSG00000154065|ANKRD29|8782159
ENSG00000154065|ANKRD29|5dfdf89
ENSG00000154065|ANKRD29|dda15b5
ENSG00000154065|ANKRD29|3f3dff3
ENSG00000154065|ANKRD29|3b011da
ENSG00000154065|ANKRD29|8248de8
ENSG00000154065|ANKRD29|4544475
ENSG00000154065|ANKRD29|4703b36
ENSG00000154065|ANKRD29|f44a808
ENSG00000154065|ANKRD29|6625974
ENSG00000154065|ANKRD29|c14b99c
ENSG00000154065|ANKRD29|ebd60dc
ENSG00000154065|ANKRD29|1cc21a5
ENSG00000154065|ANKRD29|6e1b6e3
ENSG00000154065|ANKRD29|b000d0d
ENSG00000154065|ANKRD29|02a24e4
ENSG00000110169|HPX|3b708cb
ENSG00000110169|HPX|87011a0
ENSG00000110169|HPX|ddce863
ENSG00000203883|SOX18|26b1412
ENSG00000203883|SOX18|fc7a41a
ENSG00000203883|SOX18|c7dd454
ENSG00000184924|PTRHD1|a579755
ENSG00000184924|PTRHD1|a4b76b7
ENSG00000184924|PTRHD1|5a6f287
ENSG00000184924|PTRHD1|3474637
ENSG00000184924|PTRHD1|b2c9697
ENSG00000184924|PTRHD1|bad2a9b
ENSG00000184924|PTRHD1|e1bbc90
ENSG00000184924|PTRHD1|295f447
ENSG00000196154|S100A4|8b525f2
ENSG00000196154|S100A4|1806f77
ENSG00000196154|S100A4|ab4e3dc
ENSG00000196154|S100A4|ba94221
ENSG00000196154|S100A4|a098d5a
ENSG00000176435|CLEC14A|dc3c5c1
ENSG00000176435|CLEC14A|0b2e4b8
ENSG00000176435|CLEC14A|4f1aca6
ENSG00000176435|CLEC14A|5f9bf56
ENSG00000176435|CLEC14A|c6ba7c6
ENSG00000176435|CLEC14A|45296a7
ENSG00000176435|CLEC14A|2133d6d
ENSG00000176435|CLEC14A|a2496ab
ENSG00000176435|CLEC14A|bbb8dad
ENSG00000176435|CLEC14A|0d44f30
ENSG00000176435|CLEC14A|f5368f3
ENSG00000176435|CLEC14A|8b91086
ENSG00000176435|CLEC14A|2ea19ec
ENSG00000184293|CLECL1|90fcf3f
ENSG00000184293|CLECL1|8e07034
ENSG00000184293|CLECL1|f725a97
ENSG00000151914|DST|edfdb4f
ENSG00000151914|DST|f8ceeac
ENSG00000151914|DST|5ea9b7c
ENSG00000151914|DST|4af1319
ENSG00000151914|DST|68aa3dd
ENSG00000151914|DST|9d48190
ENSG00000151914|DST|27583d6
ENSG00000151914|DST|58a4328
ENSG00000151914|DST|d40e168
ENSG00000151914|DST|903e210
ENSG00000151914|DST|4e25277
ENSG00000151914|DST|3701c5f
ENSG00000151914|DST|d552200
ENSG00000151914|DST|b9e6855
ENSG00000151914|DST|0c5802a
ENSG00000151914|DST|b1809a1
ENSG00000151914|DST|b624122
ENSG00000151914|DST|281eb93
ENSG00000151914|DST|2f99c24
ENSG00000151914|DST|3f01928
ENSG00000151914|DST|0975c67
ENSG00000151914|DST|80fcd2d
ENSG00000151914|DST|6430c13
ENSG00000151914|DST|2a06a8b
ENSG00000151914|DST|df1b182
ENSG00000151914|DST|f0f4f97
ENSG00000151914|DST|ccd6889
ENSG00000151914|DST|96b0956
ENSG00000151914|DST|a588756
ENSG00000151914|DST|aeb9a83
ENSG00000151914|DST|0452606
ENSG00000151914|DST|b48cf79
ENSG00000151914|DST|81b22ac
ENSG00000151914|DST|6c68ce9
ENSG00000151914|DST|ef8a493
ENSG00000151914|DST|c08f887
ENSG00000151914|DST|888a788
ENSG00000151914|DST|944ce79
ENSG00000151914|DST|82efde0
ENSG00000151914|DST|bbb5e02
ENSG00000177575|CD163|236dda2
ENSG00000177575|CD163|f90fcfd
ENSG00000177575|CD163|ddf0ac9
ENSG00000177575|CD163|551752b
ENSG00000177575|CD163|3eb8cec
ENSG00000177575|CD163|662454a
ENSG00000177575|CD163|ea17437
ENSG00000177575|CD163|5cd0ae3
ENSG00000177575|CD163|f0967de
ENSG00000177575|CD163|23ec894
ENSG00000177575|CD163|3754d28
ENSG00000177575|CD163|4dc296e
ENSG00000177575|CD163|4c10a8c
ENSG00000177575|CD163|5998263
ENSG00000177575|CD163|53cfe3e
ENSG00000177575|CD163|f8e286f
ENSG00000177575|CD163|8504bf3
ENSG00000177575|CD163|eb38683
ENSG00000177575|CD163|eba4ddd
ENSG00000177575|CD163|3965837
ENSG00000172061|LRRC15|65bf902
ENSG00000172061|LRRC15|e9fdbe0
ENSG00000172061|LRRC15|3ef3ce1
ENSG00000172061|LRRC15|8d18c26
ENSG00000172061|LRRC15|0cc6386
ENSG00000172061|LRRC15|0342544
ENSG00000172061|LRRC15|e692430
ENSG00000172061|LRRC15|34e0211
ENSG00000172061|LRRC15|460abc8
ENSG00000172061|LRRC15|4be7eb1
ENSG00000172061|LRRC15|e2db3fd
ENSG00000172061|LRRC15|a85da41
ENSG00000172061|LRRC15|f0937ed
ENSG00000172061|LRRC15|633ba48
ENSG00000172061|LRRC15|cf5c654
ENSG00000172061|LRRC15|76f1a74
ENSG00000172061|LRRC15|80cb18b
ENSG00000172061|LRRC15|b0a446f
ENSG00000172061|LRRC15|2e0e152
ENSG00000172061|LRRC15|34ac31b
ENSG00000165272|AQP3|0c8c2d9
ENSG00000165272|AQP3|1139af6
ENSG00000165272|AQP3|571ac26
ENSG00000165272|AQP3|1611f27
ENSG00000165272|AQP3|6fd778f
ENSG00000165272|AQP3|3fe2d17
ENSG00000165272|AQP3|02aa893
ENSG00000165272|AQP3|568ef6c
ENSG00000165272|AQP3|7cfbe8b
ENSG00000165272|AQP3|edaafa4
ENSG00000111716|LDHB|b08acbc
ENSG00000111716|LDHB|4fb1b7e
ENSG00000111716|LDHB|7ea9bba
ENSG00000111716|LDHB|2492af1
ENSG00000111716|LDHB|e1685e1
ENSG00000111716|LDHB|b9bbfaa
ENSG00000111716|LDHB|d787fff
ENSG00000111716|LDHB|325b0b3
ENSG00000111716|LDHB|81de16a
ENSG00000111716|LDHB|c3c7c2b
ENSG00000111716|LDHB|6307317
ENSG00000111716|LDHB|2a25d43
ENSG00000111716|LDHB|077181f
ENSG00000111716|LDHB|dc307a7
ENSG00000111716|LDHB|92b53da
ENSG00000111716|LDHB|14c0243
ENSG00000111716|LDHB|ebccda8
ENSG00000111716|LDHB|cade91c
ENSG00000117090|SLAMF1|6c0b8d7
ENSG00000117090|SLAMF1|ed31409
ENSG00000117090|SLAMF1|bc828a1
ENSG00000117090|SLAMF1|c5a2270
ENSG00000117090|SLAMF1|f1141cf
ENSG00000117090|SLAMF1|a7a4cfd
ENSG00000117090|SLAMF1|c42ae80
ENSG00000117090|SLAMF1|eb5c87c
ENSG00000117090|SLAMF1|1ae59f4
ENSG00000117090|SLAMF1|2b9f509
ENSG00000109424|UCP1|6e289a7
ENSG00000109424|UCP1|b5731ab
ENSG00000109424|UCP1|3ba83f9
ENSG00000109424|UCP1|119ff2f
ENSG00000109424|UCP1|8a82f95
ENSG00000109424|UCP1|c10d636
ENSG00000143546|S100A8|512a822
ENSG00000143546|S100A8|647d3f8
ENSG00000143546|S100A8|9494321
ENSG00000143546|S100A8|8c6fc53
ENSG00000153563|CD8A|8f1cc91
ENSG00000153563|CD8A|fcdee7c
ENSG00000017427|IGF1|4b4c5bf
ENSG00000017427|IGF1|2beafde
ENSG00000017427|IGF1|2e2c396
ENSG00000017427|IGF1|518ace4
ENSG00000017427|IGF1|a9c4df7
ENSG00000017427|IGF1|8d18c63
ENSG00000017427|IGF1|f1d0a57
ENSG00000017427|IGF1|5ee09fd
ENSG00000017427|IGF1|219db51
ENSG00000017427|IGF1|7eeff7b
ENSG00000178776|C5orf46|d6a4039
ENSG00000178776|C5orf46|989a335
ENSG00000178776|C5orf46|4e63534
ENSG00000178776|C5orf46|4ecca0f
ENSG00000178776|C5orf46|1e004cd
ENSG00000178776|C5orf46|d68be3c
ENSG00000135077|HAVCR2|d324a1c
ENSG00000135077|HAVCR2|35da96a
ENSG00000135077|HAVCR2|04aed98
ENSG00000135077|HAVCR2|9ea4187
ENSG00000153563|CD8A|adb427c
ENSG00000153563|CD8A|2ef4630
ENSG00000153563|CD8A|358cc39
ENSG00000153563|CD8A|e65aeef
ENSG00000153563|CD8A|36762bf
ENSG00000153563|CD8A|aa1a156
ENSG00000153563|CD8A|afa1a63
ENSG00000153563|CD8A|9cd3de4
ENSG00000153563|CD8A|579a62f
ENSG00000153563|CD8A|d7bc1f7
ENSG00000153563|CD8A|4347aac
ENSG00000153563|CD8A|9f183a1
ENSG00000117090|SLAMF1|84c5004
ENSG00000117090|SLAMF1|7effc5d
ENSG00000117090|SLAMF1|511be2d
ENSG00000117090|SLAMF1|d171f4b
ENSG00000117090|SLAMF1|514b06a
ENSG00000117090|SLAMF1|977af73
ENSG00000117090|SLAMF1|377238c
ENSG00000117090|SLAMF1|769ab85
ENSG00000117090|SLAMF1|13d3805
ENSG00000117090|SLAMF1|3867f7a
ENSG00000117090|SLAMF1|29aff42
ENSG00000117090|SLAMF1|ab5b97e
ENSG00000117090|SLAMF1|9349d32
ENSG00000107796|ACTA2|d2325bf
ENSG00000107796|ACTA2|b6936f7
ENSG00000107796|ACTA2|c35f61f
ENSG00000107796|ACTA2|9edc5a6
ENSG00000107796|ACTA2|f1bb408
ENSG00000107796|ACTA2|825696d
ENSG00000107796|ACTA2|d4e8a98
ENSG00000107796|ACTA2|b0fc358
ENSG00000107796|ACTA2|23984f6
ENSG00000107796|ACTA2|ca81572
ENSG00000107796|ACTA2|ebf365c
ENSG00000107796|ACTA2|a4819be
ENSG00000109424|UCP1|619c1ab
ENSG00000109424|UCP1|2e90a49
ENSG00000109424|UCP1|be02ced
ENSG00000109424|UCP1|ef73387
ENSG00000109424|UCP1|be19643
ENSG00000109424|UCP1|c35fa4d
ENSG00000109424|UCP1|2ca1890
ENSG00000110031|LPXN|a5eedf4
ENSG00000110031|LPXN|9b0a2ff
ENSG00000110031|LPXN|72832f3
ENSG00000110031|LPXN|07af817
ENSG00000110031|LPXN|57f8e5a
ENSG00000110031|LPXN|5bf19fc
ENSG00000110031|LPXN|54ffbad
ENSG00000110031|LPXN|e854a12
ENSG00000110031|LPXN|7939721
ENSG00000110031|LPXN|9d8c5cc
ENSG00000110031|LPXN|18ce9ee
ENSG00000110031|LPXN|d1b573b
ENSG00000110031|LPXN|6de0d1f
ENSG00000110031|LPXN|16707e6
ENSG00000110031|LPXN|faa7a2f
ENSG00000110031|LPXN|70cc34a
ENSG00000017427|IGF1|66b9c8d
ENSG00000017427|IGF1|80ed648
ENSG00000017427|IGF1|e30cb89
ENSG00000017427|IGF1|7700062
ENSG00000017427|IGF1|9a30c9e
ENSG00000017427|IGF1|7d2ae3f
ENSG00000017427|IGF1|ed17ba3
ENSG00000017427|IGF1|27b7b30
ENSG00000017427|IGF1|2e51bb5
ENSG00000017427|IGF1|d50d9b6
ENSG00000017427|IGF1|67ac82c
ENSG00000017427|IGF1|e7085ad
ENSG00000017427|IGF1|eda11d0
ENSG00000017427|IGF1|0d5c9cf
ENSG00000017427|IGF1|f038a65
ENSG00000178776|C5orf46|423fa18
ENSG00000135077|HAVCR2|ad19894
ENSG00000135077|HAVCR2|1013940
ENSG00000135077|HAVCR2|b8999f1
ENSG00000135077|HAVCR2|8baf2f5
ENSG00000135077|HAVCR2|8454d95
ENSG00000135077|HAVCR2|c9ec9bb
ENSG00000135077|HAVCR2|751132a
ENSG00000135077|HAVCR2|6aa86e0
ENSG00000135077|HAVCR2|3c3f522
ENSG00000135077|HAVCR2|03d96ed
ENSG00000135077|HAVCR2|093f103
ENSG00000135077|HAVCR2|d57f005
ENSG00000135077|HAVCR2|d150de6
ENSG00000135077|HAVCR2|ae8945b
ENSG00000135077|HAVCR2|9db5876
ENSG00000135077|HAVCR2|7a2fc6a
ENSG00000143365|RORC|01b4b53
ENSG00000143365|RORC|1d560fb
ENSG00000143365|RORC|ea3124f
ENSG00000143365|RORC|5fe0203
ENSG00000143365|RORC|f013dce
ENSG00000143365|RORC|be3ff41
ENSG00000143365|RORC|53ff3bc
ENSG00000110031|LPXN|6d275e6
ENSG00000110031|LPXN|8c3119d
ENSG00000110031|LPXN|a35c7c2
ENSG00000143365|RORC|9b1bd01
ENSG00000143365|RORC|1b0c787
ENSG00000143365|RORC|774ffcf
ENSG00000143365|RORC|8662ae6
ENSG00000143365|RORC|6454c1e
ENSG00000143365|RORC|b9378b3
ENSG00000143365|RORC|a53484e
ENSG00000143365|RORC|6866c11
ENSG00000143365|RORC|921e9fb
ENSG00000143365|RORC|8c76c5d
ENSG00000143365|RORC|ff5354f
ENSG00000143365|RORC|d353045
ENSG00000113721|PDGFRB|dd672d7
ENSG00000113721|PDGFRB|4cfd682
ENSG00000113721|PDGFRB|54416fe
ENSG00000113721|PDGFRB|e92ac85
ENSG00000113721|PDGFRB|e015621
ENSG00000113721|PDGFRB|d918d86
ENSG00000113721|PDGFRB|46b3b2b
ENSG00000113721|PDGFRB|10db803
ENSG00000113721|PDGFRB|8946071
ENSG00000113721|PDGFRB|a7c632d
ENSG00000113721|PDGFRB|65d9719
ENSG00000113721|PDGFRB|8b6864e
ENSG00000113721|PDGFRB|a48f3e5
ENSG00000113721|PDGFRB|b3391d5
ENSG00000113721|PDGFRB|7fd8500
ENSG00000113721|PDGFRB|acfb3eb
ENSG00000170421|KRT8|3c5411c
ENSG00000170421|KRT8|3417def
ENSG00000145365|TIFA|8e7d6a6
ENSG00000145365|TIFA|43ab4b0
ENSG00000145365|TIFA|3e0efb7
ENSG00000145365|TIFA|cecf79d
ENSG00000145365|TIFA|a5db118
ENSG00000145365|TIFA|93fab1c
ENSG00000145365|TIFA|0735d2d
ENSG00000145365|TIFA|64eea00
ENSG00000145365|TIFA|ecc0385
ENSG00000145365|TIFA|255309a
ENSG00000145365|TIFA|7a31a29
ENSG00000145365|TIFA|57a6e5a
ENSG00000145365|TIFA|670b20d
ENSG00000145365|TIFA|01ca971
ENSG00000145365|TIFA|2eff33c
ENSG00000145365|TIFA|bd568c2
ENSG00000145365|TIFA|3b0240d
ENSG00000145365|TIFA|e6d42fb
ENSG00000145365|TIFA|e63c0c2
ENSG00000145365|TIFA|dde1ea7
ENSG00000113721|PDGFRB|abee847
ENSG00000113721|PDGFRB|1801692
ENSG00000106483|SFRP4|c52ffc9
ENSG00000106483|SFRP4|bb9ef78
ENSG00000106483|SFRP4|fcc8b41
ENSG00000106483|SFRP4|0dcbb4d
ENSG00000106483|SFRP4|8d484a8
ENSG00000106483|SFRP4|4f22779
ENSG00000106483|SFRP4|eb7a1bc
ENSG00000106483|SFRP4|7639026
ENSG00000106483|SFRP4|23539f5
ENSG00000113721|PDGFRB|d9a3ce9
ENSG00000113721|PDGFRB|ce12b12
ENSG00000167657|DAPK3|6d7c572
ENSG00000167657|DAPK3|3c43915
ENSG00000096063|SRPK1|246046d
ENSG00000096063|SRPK1|96b575a
ENSG00000096063|SRPK1|ee30984
ENSG00000096063|SRPK1|49a0bdb
ENSG00000096063|SRPK1|479ee2a
ENSG00000096063|SRPK1|4ce929d
ENSG00000096063|SRPK1|7e3ee2d
ENSG00000096063|SRPK1|f851af1
ENSG00000096063|SRPK1|4b57f4a
ENSG00000096063|SRPK1|f7267a1
ENSG00000096063|SRPK1|a6ff025
ENSG00000096063|SRPK1|99a4305
ENSG00000096063|SRPK1|c66d01a
ENSG00000096063|SRPK1|5e96015
ENSG00000096063|SRPK1|fc9d199
ENSG00000096063|SRPK1|afaeaac
ENSG00000096063|SRPK1|36f485a
ENSG00000096063|SRPK1|a8e6c7d
ENSG00000096063|SRPK1|3200313
ENSG00000096063|SRPK1|6bede85
ENSG00000196683|TOMM7|d67813e
ENSG00000196683|TOMM7|659df3b
ENSG00000196683|TOMM7|c384cc6
ENSG00000196683|TOMM7|5b776f4
ENSG00000196683|TOMM7|862f0dc
ENSG00000196683|TOMM7|d07f697
ENSG00000158050|DUSP2|50a4d38
ENSG00000158050|DUSP2|0e05bbe
ENSG00000106483|SFRP4|1f2f9d3
ENSG00000106483|SFRP4|d76cab9
ENSG00000106483|SFRP4|fc17f18
ENSG00000106483|SFRP4|e00013a
ENSG00000106483|SFRP4|bcf54ec
ENSG00000106483|SFRP4|ff2748c
ENSG00000106483|SFRP4|295fba2
ENSG00000106483|SFRP4|f94078c
ENSG00000106483|SFRP4|9d11e0e
ENSG00000158050|DUSP2|52eeec1
ENSG00000158050|DUSP2|b619f4b
ENSG00000158050|DUSP2|9b85e65
ENSG00000158050|DUSP2|6cf2f7c
ENSG00000133110|POSTN|c86f9fc
ENSG00000133110|POSTN|e8df2cd
ENSG00000133110|POSTN|5ac6840
ENSG00000133110|POSTN|ee97a6b
ENSG00000133110|POSTN|82b1b0e
ENSG00000133110|POSTN|2eabc58
ENSG00000133110|POSTN|0f34b3f
ENSG00000133110|POSTN|df65e5a
ENSG00000133110|POSTN|2d5bde7
ENSG00000133110|POSTN|fdae20e
ENSG00000133110|POSTN|9661856
ENSG00000133110|POSTN|be510de
ENSG00000133110|POSTN|016ca7c
ENSG00000133110|POSTN|2ad089a
ENSG00000133110|POSTN|26dc83d
ENSG00000133110|POSTN|727901e
ENSG00000133110|POSTN|abff31b
ENSG00000133110|POSTN|b553041
ENSG00000133110|POSTN|e671251
ENSG00000133110|POSTN|5fe1aad
ENSG00000164283|ESM1|81af365
ENSG00000164283|ESM1|4118e4e
ENSG00000164283|ESM1|3068b79
ENSG00000164283|ESM1|aad9a72
ENSG00000164283|ESM1|f2cd669
ENSG00000164283|ESM1|fd5596b
ENSG00000164283|ESM1|ecb963b
ENSG00000164283|ESM1|910e864
ENSG00000164283|ESM1|35d9674
ENSG00000164283|ESM1|fe9cda1
ENSG00000164283|ESM1|92fad6b
ENSG00000164283|ESM1|e26d49d
ENSG00000164283|ESM1|a20cd43
ENSG00000164283|ESM1|3b5ed32
ENSG00000164283|ESM1|6a7bcb6
ENSG00000164283|ESM1|45e301f
ENSG00000107562|CXCL12|33bfef3
ENSG00000107562|CXCL12|3faaf07
ENSG00000107562|CXCL12|e10c6aa
ENSG00000107562|CXCL12|7984675
ENSG00000107562|CXCL12|1ecc5f3
ENSG00000107562|CXCL12|fd242fe
ENSG00000107562|CXCL12|d579025
ENSG00000107562|CXCL12|380495f
ENSG00000107562|CXCL12|d79f4f5
ENSG00000107562|CXCL12|e5825a5
ENSG00000107562|CXCL12|15a2dee
ENSG00000107562|CXCL12|874a39d
ENSG00000107562|CXCL12|ddd51df
ENSG00000107562|CXCL12|445c122
ENSG00000107562|CXCL12|e9eabc2
ENSG00000107562|CXCL12|7cc41f0
ENSG00000107562|CXCL12|37eef80
ENSG00000107562|CXCL12|b971cff
ENSG00000107562|CXCL12|115d166
ENSG00000107562|CXCL12|4406500
ENSG00000107562|CXCL12|14d282d
ENSG00000107562|CXCL12|c743038
ENSG00000107562|CXCL12|5fb8226
ENSG00000107562|CXCL12|e027abf
ENSG00000107562|CXCL12|a6f2cd5
ENSG00000107562|CXCL12|72ea95f
ENSG00000107562|CXCL12|b6628b7
ENSG00000107562|CXCL12|53533bf
ENSG00000107562|CXCL12|0262ede
ENSG00000107562|CXCL12|93b4fb9
ENSG00000107562|CXCL12|edfe04c
ENSG00000107562|CXCL12|2e20cd7
ENSG00000107562|CXCL12|1b42cb3
ENSG00000170421|KRT8|9c8e1b7
ENSG00000170421|KRT8|8568362
ENSG00000170421|KRT8|029cf9d
ENSG00000170421|KRT8|0d8d20d
ENSG00000170421|KRT8|69d319b
ENSG00000170421|KRT8|82a2e5a
ENSG00000170421|KRT8|fcfeab5
ENSG00000170421|KRT8|51a0b5b
ENSG00000170421|KRT8|2a4b84f
ENSG00000170421|KRT8|08a9d1e
ENSG00000170421|KRT8|55d45d4
ENSG00000170421|KRT8|08640bd
ENSG00000170421|KRT8|68e6b4f
ENSG00000170421|KRT8|9e324e5
ENSG00000170421|KRT8|fb30e9d
ENSG00000170421|KRT8|2007dd9
ENSG00000186081|KRT5|ac09408
ENSG00000186081|KRT5|1e6df89
ENSG00000186081|KRT5|0824358
ENSG00000186081|KRT5|cfe5a18
ENSG00000186081|KRT5|d6acdcf
ENSG00000186081|KRT5|e1322e6
ENSG00000186081|KRT5|e02dba3
ENSG00000186081|KRT5|5728131
ENSG00000186081|KRT5|0c0fa80
ENSG00000186081|KRT5|1900a01
ENSG00000186081|KRT5|cce629e
ENSG00000186081|KRT5|d881611
ENSG00000186081|KRT5|26c940b
ENSG00000180914|OXTR|a7b97ae
ENSG00000180914|OXTR|283f6b2
ENSG00000180914|OXTR|0e6fb1a
ENSG00000180914|OXTR|91dff80
ENSG00000180914|OXTR|8d2f611
ENSG00000180914|OXTR|b27e50e
ENSG00000180914|OXTR|8a85646
ENSG00000180914|OXTR|8c33587
ENSG00000115998|C2orf42|78117e6
ENSG00000115998|C2orf42|81b36ae
ENSG00000115998|C2orf42|fbceafa
ENSG00000115998|C2orf42|ee44d9d
ENSG00000137203|TFAP2A|0f2d849
ENSG00000137203|TFAP2A|8cbb062
ENSG00000137203|TFAP2A|9382840
ENSG00000137203|TFAP2A|c805e66
ENSG00000137203|TFAP2A|f7bab7a
ENSG00000137203|TFAP2A|ee4f399
ENSG00000137203|TFAP2A|c4664cd
ENSG00000137203|TFAP2A|92aa138
ENSG00000137203|TFAP2A|bbd0afd
ENSG00000137203|TFAP2A|7b39e85
ENSG00000137203|TFAP2A|9ca4bdb
ENSG00000137203|TFAP2A|49da115
ENSG00000137203|TFAP2A|9704951
ENSG00000137203|TFAP2A|ba28a37
ENSG00000137203|TFAP2A|25a9dee
ENSG00000137203|TFAP2A|07c33b9
ENSG00000065809|FAM107B|accde7b
ENSG00000065809|FAM107B|4e8a802
ENSG00000065809|FAM107B|716a618
ENSG00000065809|FAM107B|c59fbcc
ENSG00000065809|FAM107B|6b10b82
ENSG00000065809|FAM107B|4c8d5f5
ENSG00000065809|FAM107B|0d26da9
ENSG00000065809|FAM107B|070d85c
ENSG00000065809|FAM107B|9ea1ae0
ENSG00000065809|FAM107B|6d2a33a
ENSG00000137203|TFAP2A|9d5d193
ENSG00000137203|TFAP2A|1aacfb9
ENSG00000137203|TFAP2A|654b2b7
ENSG00000137203|TFAP2A|7ea3339
ENSG00000137203|TFAP2A|99a901c
ENSG00000137203|TFAP2A|4fc5814
ENSG00000115998|C2orf42|70a5585
ENSG00000115998|C2orf42|2801928
ENSG00000115998|C2orf42|9aec7e0
ENSG00000115998|C2orf42|0d0e14f
ENSG00000115998|C2orf42|89d7c67
ENSG00000115998|C2orf42|b150cff
ENSG00000115998|C2orf42|1950f64
ENSG00000115998|C2orf42|f001412
ENSG00000115998|C2orf42|a149ba1
ENSG00000115998|C2orf42|61fe41d
ENSG00000115998|C2orf42|d2af058
ENSG00000115998|C2orf42|bf2efe7
ENSG00000115998|C2orf42|d036a04
ENSG00000115998|C2orf42|64461fb
ENSG00000115998|C2orf42|badd868
ENSG00000115998|C2orf42|2dc819c
ENSG00000065809|FAM107B|2ee86d3
ENSG00000065809|FAM107B|f15cb58
ENSG00000065809|FAM107B|c5057eb
ENSG00000065809|FAM107B|eb871c6
ENSG00000065809|FAM107B|800d9b3
ENSG00000065809|FAM107B|c8b7a5e
ENSG00000065809|FAM107B|514b24b
ENSG00000065809|FAM107B|2056bb5
ENSG00000065809|FAM107B|5c2c85d
ENSG00000065809|FAM107B|08d6b31
ENSG00000065809|FAM107B|980fe52
ENSG00000065809|FAM107B|6589037
ENSG00000065809|FAM107B|d33cf8d
ENSG00000065809|FAM107B|88c5476
ENSG00000065809|FAM107B|0c94d99
ENSG00000065809|FAM107B|4eaa4cb
ENSG00000049768|FOXP3|2781512
ENSG00000049768|FOXP3|4818326
ENSG00000049768|FOXP3|82e4d21
ENSG00000049768|FOXP3|d5a17f9
ENSG00000049768|FOXP3|793770f
ENSG00000049768|FOXP3|e92ddb7
ENSG00000049768|FOXP3|70d7a31
ENSG00000049768|FOXP3|074fddc
ENSG00000134460|IL2RA|0f6e517
ENSG00000134460|IL2RA|318001a
ENSG00000134460|IL2RA|889cc16
ENSG00000134460|IL2RA|bf3b6e8
ENSG00000134460|IL2RA|6923dea
ENSG00000134460|IL2RA|d4ab367
ENSG00000134460|IL2RA|be4c4d0
ENSG00000134460|IL2RA|4acb49d
ENSG00000134460|IL2RA|032aef0
ENSG00000134460|IL2RA|b12a11a
ENSG00000134460|IL2RA|79ff9eb
ENSG00000134460|IL2RA|44e5d16
ENSG00000134460|IL2RA|5a7fbf1
ENSG00000134460|IL2RA|07229fe
ENSG00000134460|IL2RA|08fce20
ENSG00000134460|IL2RA|6fa0f64
ENSG00000134460|IL2RA|dd98234
ENSG00000121966|CXCR4|b8d8f19
ENSG00000121966|CXCR4|5eef5e2
ENSG00000121966|CXCR4|e5febe0
ENSG00000121966|CXCR4|3b43884
ENSG00000121966|CXCR4|aff7547
ENSG00000121966|CXCR4|1b86fe6
ENSG00000121966|CXCR4|7c56f5a
ENSG00000121966|CXCR4|a0b73ea
ENSG00000121966|CXCR4|f054e28
ENSG00000134460|IL2RA|b9d28b5
ENSG00000134460|IL2RA|1dd0501
ENSG00000134460|IL2RA|172d6a9
ENSG00000121966|CXCR4|baf658f
ENSG00000121966|CXCR4|18205e0
ENSG00000121966|CXCR4|e570bd4
ENSG00000121966|CXCR4|2cc9009
ENSG00000121966|CXCR4|eb46579
ENSG00000121966|CXCR4|3503180
ENSG00000121966|CXCR4|e840acc
ENSG00000121966|CXCR4|75f49d4
ENSG00000121966|CXCR4|e982d5c
ENSG00000121966|CXCR4|411c272
ENSG00000121966|CXCR4|eea9635
ENSG00000065534|MYLK|70c6022
ENSG00000065534|MYLK|79d9343
ENSG00000065534|MYLK|eb9921b
ENSG00000065534|MYLK|0ab462c
ENSG00000065534|MYLK|ebbba42
ENSG00000065534|MYLK|147fac7
ENSG00000065534|MYLK|e27dbfc
ENSG00000065534|MYLK|3e728ec
ENSG00000065534|MYLK|f534a23
ENSG00000065534|MYLK|5449efe
ENSG00000065534|MYLK|294c5b0
ENSG00000065534|MYLK|703346e
ENSG00000065534|MYLK|5fa7298
ENSG00000065534|MYLK|b4165ea
ENSG00000065534|MYLK|1655238
ENSG00000065534|MYLK|0f7a503
ENSG00000065534|MYLK|d52b56e
ENSG00000065534|MYLK|b75ce1e
ENSG00000065534|MYLK|67839a6
ENSG00000054116|TRAPPC3|ecf437d
ENSG00000054116|TRAPPC3|c806fef
ENSG00000054116|TRAPPC3|d3997aa
ENSG00000054116|TRAPPC3|ab624a3
ENSG00000054116|TRAPPC3|c6267b0
ENSG00000054116|TRAPPC3|9f980a4
ENSG00000054116|TRAPPC3|6ad6edb
ENSG00000127824|TUBA4A|e44f621
ENSG00000154978|VOPP1|7b07461
ENSG00000154978|VOPP1|f0a53d2
ENSG00000154978|VOPP1|4fac0b4
ENSG00000154978|VOPP1|6e3bfea
ENSG00000154978|VOPP1|8b5e0cd
ENSG00000154978|VOPP1|944102d
ENSG00000154978|VOPP1|6ca6f4b
ENSG00000154978|VOPP1|8f2b15a
ENSG00000154978|VOPP1|577e274
ENSG00000154978|VOPP1|2529e5b
ENSG00000154978|VOPP1|25e6f9f
ENSG00000154978|VOPP1|0599d58
ENSG00000154978|VOPP1|115c5e2
ENSG00000154978|VOPP1|65212b0
ENSG00000154978|VOPP1|6087eb9
ENSG00000054116|TRAPPC3|86b5652
ENSG00000054116|TRAPPC3|dcb794c
ENSG00000054116|TRAPPC3|a066604
ENSG00000054116|TRAPPC3|6a0b38f
ENSG00000054116|TRAPPC3|f9b799e
ENSG00000127824|TUBA4A|b03e6b1
ENSG00000127824|TUBA4A|4da81d1
ENSG00000127824|TUBA4A|09ce372
ENSG00000127824|TUBA4A|8329487
ENSG00000127824|TUBA4A|b1a01bc
ENSG00000127824|TUBA4A|6e8ce6b
ENSG00000127824|TUBA4A|cf724cf
ENSG00000127824|TUBA4A|3d00cbb
ENSG00000127824|TUBA4A|dc006e5
ENSG00000127824|TUBA4A|f0078ae
ENSG00000127824|TUBA4A|7531c07
ENSG00000065534|MYLK|7fd62eb
ENSG00000065534|MYLK|a56acf5
ENSG00000065534|MYLK|a79483b
ENSG00000065534|MYLK|3bc78eb
ENSG00000065534|MYLK|56f269e
ENSG00000065534|MYLK|f79f96f
ENSG00000065534|MYLK|6c4da3e
ENSG00000065534|MYLK|a935135
ENSG00000065534|MYLK|42d580a
ENSG00000065534|MYLK|36affac
ENSG00000065534|MYLK|4578bcf
ENSG00000065534|MYLK|7e6741f
ENSG00000065534|MYLK|65b1ce4
ENSG00000065534|MYLK|b8e9018
ENSG00000065534|MYLK|7e913ac
ENSG00000065534|MYLK|062cf6a
ENSG00000154978|VOPP1|e2fd082
ENSG00000154978|VOPP1|426f6db
ENSG00000154978|VOPP1|fe3594f
ENSG00000154978|VOPP1|56a2a47
ENSG00000154978|VOPP1|786935f
ENSG00000154978|VOPP1|f20954a
ENSG00000154978|VOPP1|851977a
ENSG00000154978|VOPP1|1296869
ENSG00000154978|VOPP1|fd3ed0c
ENSG00000180644|PRF1|f9bea32
ENSG00000180644|PRF1|5e354b7
ENSG00000180644|PRF1|cc27531
ENSG00000180644|PRF1|5d597bb
ENSG00000180644|PRF1|ecadd86
ENSG00000180644|PRF1|eff008c
ENSG00000180644|PRF1|153f164
ENSG00000115165|CYTIP|3296df1
ENSG00000115165|CYTIP|447b448
ENSG00000115165|CYTIP|afa234e
ENSG00000115165|CYTIP|a8b82b0
ENSG00000115165|CYTIP|0023fd1
ENSG00000115165|CYTIP|27e5171
ENSG00000115165|CYTIP|f149029
ENSG00000115165|CYTIP|1bd699d
ENSG00000115165|CYTIP|237cb95
ENSG00000115165|CYTIP|3492a53
ENSG00000115165|CYTIP|39578c5
ENSG00000115165|CYTIP|55f0bef
ENSG00000115165|CYTIP|bceb0fa
ENSG00000115165|CYTIP|bb01870
ENSG00000115165|CYTIP|722685a
ENSG00000115165|CYTIP|67bf515
ENSG00000115165|CYTIP|4d67e6d
ENSG00000115165|CYTIP|1482a9c
ENSG00000115165|CYTIP|78e91f6
ENSG00000115165|CYTIP|d086a23
ENSG00000159216|RUNX1|ff0005b
ENSG00000159216|RUNX1|4cb4266
ENSG00000159216|RUNX1|6cb8b84
ENSG00000159216|RUNX1|e36a99a
ENSG00000159216|RUNX1|f9f7688
ENSG00000159216|RUNX1|33862b1
ENSG00000159216|RUNX1|6e600b0
ENSG00000159216|RUNX1|bccef4d
ENSG00000159216|RUNX1|f05f3d1
ENSG00000159216|RUNX1|297abaf
ENSG00000184956|MUC6|115499c
ENSG00000184956|MUC6|787fe07
ENSG00000184956|MUC6|5da4e30
ENSG00000184956|MUC6|dfb25e9
ENSG00000184956|MUC6|f871468
ENSG00000184956|MUC6|e38b24a
ENSG00000159216|RUNX1|16cedb7
ENSG00000159216|RUNX1|f03111e
ENSG00000159216|RUNX1|2a08518
ENSG00000159216|RUNX1|7cf81a5
ENSG00000159216|RUNX1|141cebb
ENSG00000159216|RUNX1|b82803b
ENSG00000159216|RUNX1|9b521e9
ENSG00000159216|RUNX1|6c5e182
ENSG00000159216|RUNX1|4775270
ENSG00000159216|RUNX1|4a33fc8
ENSG00000159216|RUNX1|0cd54fa
ENSG00000159216|RUNX1|0f5a80b
ENSG00000159216|RUNX1|7cc6cbd
ENSG00000159216|RUNX1|faad808
ENSG00000159216|RUNX1|f89f227
ENSG00000159216|RUNX1|b4a95b2
ENSG00000159216|RUNX1|a40be3f
ENSG00000159216|RUNX1|8d4b16b
ENSG00000159216|RUNX1|8ca1f41
ENSG00000159216|RUNX1|73fc749
ENSG00000159216|RUNX1|9d7ae3d
ENSG00000159216|RUNX1|9118343
ENSG00000159216|RUNX1|7ddd585
ENSG00000159216|RUNX1|ef9833d
ENSG00000184956|MUC6|c0b8271
ENSG00000184956|MUC6|acbfce8
ENSG00000184956|MUC6|515f3aa
ENSG00000184956|MUC6|a0bcf49
ENSG00000184956|MUC6|05fd44c
ENSG00000184956|MUC6|6cfe44f
ENSG00000184956|MUC6|44e8f53
ENSG00000184956|MUC6|0395273
ENSG00000184956|MUC6|273a392
ENSG00000184956|MUC6|4797d4c
ENSG00000184956|MUC6|265ee61
ENSG00000184956|MUC6|507aa2e
ENSG00000184956|MUC6|a3cc21d
ENSG00000184956|MUC6|8828745
ENSG00000004799|PDK4|07e7ea7
ENSG00000004799|PDK4|ebd289a
ENSG00000004799|PDK4|bd1c3e0
ENSG00000004799|PDK4|458f7f5
ENSG00000004799|PDK4|59139b8
ENSG00000004799|PDK4|9c93677
ENSG00000004799|PDK4|0280c10
ENSG00000004799|PDK4|7e98169
ENSG00000004799|PDK4|3aa9e32
ENSG00000004799|PDK4|114e972
ENSG00000004799|PDK4|920e2a7
ENSG00000004799|PDK4|4bd8e40
ENSG00000004799|PDK4|334a0dc
ENSG00000004799|PDK4|e162d09
ENSG00000004799|PDK4|6d8ded3
ENSG00000004799|PDK4|4055f1c
ENSG00000004799|PDK4|829455c
ENSG00000004799|PDK4|7587bdc
ENSG00000004799|PDK4|77c3b1f
ENSG00000004799|PDK4|19a9357
ENSG00000104332|SFRP1|6f7d206
ENSG00000104332|SFRP1|7a9f4e3
ENSG00000104332|SFRP1|2701db1
ENSG00000104332|SFRP1|ae878e9
ENSG00000104332|SFRP1|ad09cc6
ENSG00000104332|SFRP1|af3098a
ENSG00000104332|SFRP1|6591bdf
ENSG00000104332|SFRP1|ab6f54b
ENSG00000104332|SFRP1|acbc076
ENSG00000104332|SFRP1|5d52d9a
ENSG00000104332|SFRP1|765fafb
ENSG00000104332|SFRP1|3548de4
ENSG00000104332|SFRP1|c99cbf1
ENSG00000104332|SFRP1|4e5c34b
ENSG00000104332|SFRP1|7b65440
ENSG00000104332|SFRP1|74a8021
ENSG00000104332|SFRP1|7aacc17
ENSG00000104332|SFRP1|121a3d4
ENSG00000104332|SFRP1|f28f892
ENSG00000104332|SFRP1|65e66c7
ENSG00000166148|AVPR1A|b0097e9
ENSG00000166148|AVPR1A|d82800b
ENSG00000166148|AVPR1A|079779d
ENSG00000166148|AVPR1A|84656bd
ENSG00000166148|AVPR1A|b2533fb
ENSG00000166148|AVPR1A|5aced0e
ENSG00000166148|AVPR1A|435e87a
ENSG00000166148|AVPR1A|2bbecbc
ENSG00000166148|AVPR1A|7706663
ENSG00000166148|AVPR1A|f001623
ENSG00000166148|AVPR1A|5fc3ab1
ENSG00000166148|AVPR1A|c94cb13
ENSG00000166148|AVPR1A|e587480
ENSG00000166148|AVPR1A|8b1d6af
ENSG00000105374|NKG7|5ac5307
ENSG00000105374|NKG7|05a101e
ENSG00000166148|AVPR1A|0b1997d
ENSG00000166148|AVPR1A|2eb5291
ENSG00000166148|AVPR1A|9eaf4f1
ENSG00000166148|AVPR1A|d8bd335
ENSG00000166148|AVPR1A|2ea7fd1
ENSG00000166148|AVPR1A|84add0b
ENSG00000091879|ANGPT2|68542a8
ENSG00000091879|ANGPT2|6caa0c2
ENSG00000091879|ANGPT2|21426da
ENSG00000091879|ANGPT2|f4e7976
ENSG00000091879|ANGPT2|ab1c482
ENSG00000091879|ANGPT2|05a8b28
ENSG00000091879|ANGPT2|bd63a5e
ENSG00000091879|ANGPT2|2124ba4
ENSG00000091879|ANGPT2|b863d5a
ENSG00000091879|ANGPT2|366e4f2
ENSG00000091879|ANGPT2|84dca85
ENSG00000091879|ANGPT2|b635386
ENSG00000091879|ANGPT2|5ad15a8
ENSG00000091879|ANGPT2|9c997fe
ENSG00000091879|ANGPT2|3cdfeb7
ENSG00000091879|ANGPT2|0879fcf
ENSG00000140105|WARS|dc0b136
ENSG00000140105|WARS|2f78fdb
ENSG00000140105|WARS|b106e93
ENSG00000140105|WARS|d74cf8a
ENSG00000140105|WARS|8940490
ENSG00000140105|WARS|2532cc5
ENSG00000140105|WARS|e8b3a31
ENSG00000140105|WARS|5319b56
ENSG00000140105|WARS|7d7c09d
ENSG00000140105|WARS|6a988c2
ENSG00000140105|WARS|d218616
ENSG00000140105|WARS|1cff9ab
ENSG00000169508|GPR183|b507f0d
ENSG00000169508|GPR183|4f74f07
ENSG00000169508|GPR183|ae6e511
ENSG00000169508|GPR183|13a87de
ENSG00000169508|GPR183|ff909b3
ENSG00000169508|GPR183|7b97c2f
ENSG00000169508|GPR183|23a06d3
ENSG00000169508|GPR183|36f64ac
ENSG00000169508|GPR183|c989a62
ENSG00000169508|GPR183|b1a99ec
ENSG00000169508|GPR183|8ca26e1
ENSG00000169508|GPR183|08da9ca
ENSG00000162896|PIGR|0396800
ENSG00000162896|PIGR|16e9a39
ENSG00000162896|PIGR|19f1db6
ENSG00000162896|PIGR|b37c847
ENSG00000162896|PIGR|2425b9c
ENSG00000162896|PIGR|f0e1526
ENSG00000162896|PIGR|ad973a2
ENSG00000162896|PIGR|bbfff66
ENSG00000162896|PIGR|50c818e
ENSG00000162896|PIGR|476e255
ENSG00000162896|PIGR|52afb38
ENSG00000162896|PIGR|51778a3
ENSG00000162896|PIGR|0d478fd
ENSG00000162896|PIGR|bae300e
ENSG00000091879|ANGPT2|86eff7e
ENSG00000091879|ANGPT2|05eb47f
ENSG00000091879|ANGPT2|38f28b0
ENSG00000091879|ANGPT2|2fb9674
ENSG00000140105|WARS|35126b7
ENSG00000140105|WARS|862b5fd
ENSG00000140105|WARS|499a264
ENSG00000140105|WARS|5ecf0e1
ENSG00000140105|WARS|f5b850e
ENSG00000140105|WARS|647c36a
ENSG00000140105|WARS|7ebfabc
ENSG00000140105|WARS|5ab9e88
ENSG00000140105|WARS|1b6b711
ENSG00000140105|WARS|3ee0e86
ENSG00000140105|WARS|64af952
ENSG00000140105|WARS|5ffaae4
ENSG00000091879|ANGPT2|336a820
ENSG00000091879|ANGPT2|ea79fe2
ENSG00000091879|ANGPT2|72b614c
ENSG00000091879|ANGPT2|5fbdfe4
ENSG00000185479|KRT6B|f29c841
ENSG00000185479|KRT6B|59289f6
ENSG00000185479|KRT6B|5c0a04d
ENSG00000185479|KRT6B|f7eb55e
ENSG00000185479|KRT6B|6b117e8
ENSG00000185479|KRT6B|5d6f72e
ENSG00000091986|CCDC80|531d6c3
ENSG00000091986|CCDC80|f28fa3d
ENSG00000091986|CCDC80|c0c4f13
ENSG00000091986|CCDC80|8b40776
ENSG00000091986|CCDC80|6cb46df
ENSG00000091986|CCDC80|63febb6
ENSG00000091986|CCDC80|f11731d
ENSG00000091986|CCDC80|9bb3799
ENSG00000091986|CCDC80|b1dc351
ENSG00000091986|CCDC80|cc9e393
ENSG00000133706|LARS|74c8d33
ENSG00000065427|KARS|00a9d3f
ENSG00000065427|KARS|ad94ce1
ENSG00000065427|KARS|facf776
ENSG00000065427|KARS|5899eb8
ENSG00000065427|KARS|d76719d
ENSG00000065427|KARS|2178426
ENSG00000065427|KARS|35ea413
ENSG00000065427|KARS|e4a6f24
ENSG00000169508|GPR183|192e419
ENSG00000169508|GPR183|ae2edb8
ENSG00000169508|GPR183|4a1bc0b
ENSG00000169508|GPR183|9e3411e
ENSG00000169508|GPR183|f3c1e8b
ENSG00000169508|GPR183|d68ae60
ENSG00000169508|GPR183|07d9b24
ENSG00000169508|GPR183|1759a97
ENSG00000065427|KARS|e68e23b
ENSG00000065427|KARS|c7d600d
ENSG00000065427|KARS|fdf5724
ENSG00000065427|KARS|7095b42
ENSG00000065427|KARS|45f32be
ENSG00000065427|KARS|41906de
ENSG00000065427|KARS|ee8a083
ENSG00000065427|KARS|82174d1
ENSG00000065427|KARS|1022679
ENSG00000065427|KARS|bfef834
ENSG00000065427|KARS|139d9ac
ENSG00000065427|KARS|933ca2f
ENSG00000173467|AGR3|f17ae04
ENSG00000173467|AGR3|dc2d765
ENSG00000173467|AGR3|49a3347
ENSG00000100448|CTSG|91add70
ENSG00000100448|CTSG|55c0b21
ENSG00000100448|CTSG|10f5921
ENSG00000100448|CTSG|9e8d8f4
ENSG00000100448|CTSG|4e56a9c
ENSG00000100448|CTSG|58cd496
ENSG00000121594|CD80|440a471
ENSG00000121594|CD80|88518f6
ENSG00000121594|CD80|b9278a9
ENSG00000121594|CD80|45d2bfd
ENSG00000121594|CD80|d83111a
ENSG00000121594|CD80|c3558e3
ENSG00000121594|CD80|28445fe
ENSG00000121594|CD80|d74317c
ENSG00000121594|CD80|4cbfaeb
ENSG00000121594|CD80|4ee4e82
ENSG00000121594|CD80|bee8b56
ENSG00000173467|AGR3|204aaf9
ENSG00000173467|AGR3|fc3952c
ENSG00000173467|AGR3|534235d
ENSG00000173467|AGR3|2aafffe
ENSG00000173467|AGR3|c220d33
ENSG00000121594|CD80|49b3db9
ENSG00000121594|CD80|d58a0df
ENSG00000121594|CD80|5bb998d
ENSG00000121594|CD80|6eccf68
ENSG00000121594|CD80|25be964
ENSG00000121594|CD80|141b4b9
ENSG00000121594|CD80|92cbe3f
ENSG00000121594|CD80|b2f564a
ENSG00000121594|CD80|cb179b5
ENSG00000121594|CD80|acd1d15
ENSG00000121594|CD80|cab5c90
ENSG00000121594|CD80|3b126a3
ENSG00000133706|LARS|2c3b5c5
ENSG00000133706|LARS|903b971
ENSG00000133706|LARS|74447fc
ENSG00000133706|LARS|21fc7eb
ENSG00000133706|LARS|570a848
ENSG00000133706|LARS|363a7b5
ENSG00000133706|LARS|4a63e39
ENSG00000133706|LARS|0efebd3
ENSG00000133706|LARS|79fb4ac
ENSG00000133706|LARS|c89ef04
ENSG00000133706|LARS|6b25b8c
ENSG00000133706|LARS|c6cccc8
ENSG00000133706|LARS|fce1b43
ENSG00000133706|LARS|30ee008
ENSG00000133706|LARS|628fd8c
ENSG00000133706|LARS|daaaf76
ENSG00000185479|KRT6B|aa91b55
ENSG00000185479|KRT6B|2732851
ENSG00000185479|KRT6B|0d12883
ENSG00000185479|KRT6B|7eeffa0
ENSG00000185479|KRT6B|25778b5
ENSG00000185479|KRT6B|2d12f82
ENSG00000185479|KRT6B|fd84e67
ENSG00000185479|KRT6B|4fd1e8a
ENSG00000185479|KRT6B|0a806ea
ENSG00000091986|CCDC80|defab0c
ENSG00000091986|CCDC80|9e982bf
ENSG00000091986|CCDC80|e94a1a1
ENSG00000091986|CCDC80|4fc663d
ENSG00000091986|CCDC80|97f4622
ENSG00000091986|CCDC80|42e6543
ENSG00000091986|CCDC80|b1b3ff9
ENSG00000091986|CCDC80|13c527c
ENSG00000091986|CCDC80|29a8dfe
ENSG00000091986|CCDC80|43053da
ENSG00000133706|LARS|4b2570a
ENSG00000133706|LARS|5b6263c
ENSG00000133706|LARS|ed44340
ENSG00000133706|LARS|5cbb76f
ENSG00000133706|LARS|9a99a2d
ENSG00000133706|LARS|b88b2c2
ENSG00000162896|PIGR|b3d7243
ENSG00000162896|PIGR|219ec37
ENSG00000162896|PIGR|4b74a98
ENSG00000162896|PIGR|600326a
ENSG00000162896|PIGR|55479d1
ENSG00000162896|PIGR|4ed9782
ENSG00000161249|DMKN|62657e5
ENSG00000161249|DMKN|f9aa9f9
ENSG00000161249|DMKN|dd447d3
ENSG00000161249|DMKN|125b7b8
ENSG00000161249|DMKN|0a7036b
ENSG00000161249|DMKN|8d2be35
ENSG00000161249|DMKN|bb7d905
ENSG00000161249|DMKN|b7b86d0
ENSG00000161249|DMKN|51fecde
